{"C:\\server\\ANDELA\\TodoAppFullStack\\TodoApp - Backend\\src\\modules\\todo\\test\\todo.spec.ts":{"path":"C:\\server\\ANDELA\\TodoAppFullStack\\TodoApp - Backend\\src\\modules\\todo\\test\\todo.spec.ts","statementMap":{"0":{"start":{"line":2,"column":22},"end":{"line":12,"column":3}},"1":{"start":{"line":3,"column":4},"end":{"line":3,"column":33}},"2":{"start":{"line":3,"column":26},"end":{"line":3,"column":33}},"3":{"start":{"line":4,"column":15},"end":{"line":4,"column":52}},"4":{"start":{"line":5,"column":4},"end":{"line":7,"column":5}},"5":{"start":{"line":6,"column":6},"end":{"line":6,"column":68}},"6":{"start":{"line":6,"column":51},"end":{"line":6,"column":63}},"7":{"start":{"line":8,"column":4},"end":{"line":8,"column":39}},"8":{"start":{"line":10,"column":4},"end":{"line":10,"column":33}},"9":{"start":{"line":10,"column":26},"end":{"line":10,"column":33}},"10":{"start":{"line":11,"column":4},"end":{"line":11,"column":17}},"11":{"start":{"line":13,"column":25},"end":{"line":17,"column":2}},"12":{"start":{"line":14,"column":4},"end":{"line":14,"column":72}},"13":{"start":{"line":16,"column":4},"end":{"line":16,"column":21}},"14":{"start":{"line":18,"column":19},"end":{"line":24,"column":1}},"15":{"start":{"line":19,"column":4},"end":{"line":19,"column":42}},"16":{"start":{"line":19,"column":31},"end":{"line":19,"column":42}},"17":{"start":{"line":20,"column":17},"end":{"line":20,"column":19}},"18":{"start":{"line":21,"column":4},"end":{"line":21,"column":141}},"19":{"start":{"line":21,"column":21},"end":{"line":21,"column":141}},"20":{"start":{"line":21,"column":40},"end":{"line":21,"column":141}},"21":{"start":{"line":21,"column":109},"end":{"line":21,"column":141}},"22":{"start":{"line":22,"column":4},"end":{"line":22,"column":36}},"23":{"start":{"line":23,"column":4},"end":{"line":23,"column":18}},"24":{"start":{"line":25,"column":22},"end":{"line":27,"column":1}},"25":{"start":{"line":26,"column":4},"end":{"line":26,"column":62}},"26":{"start":{"line":28,"column":0},"end":{"line":28,"column":62}},"27":{"start":{"line":29,"column":16},"end":{"line":29,"column":58}},"28":{"start":{"line":30,"column":20},"end":{"line":30,"column":57}},"29":{"start":{"line":31,"column":15},"end":{"line":31,"column":44}},"30":{"start":{"line":32,"column":0},"end":{"line":32,"column":40}},"31":{"start":{"line":33,"column":15},"end":{"line":33,"column":60}},"32":{"start":{"line":33,"column":21},"end":{"line":33,"column":60}},"33":{"start":{"line":34,"column":0},"end":{"line":60,"column":3}},"34":{"start":{"line":35,"column":4},"end":{"line":49,"column":7}},"35":{"start":{"line":36,"column":8},"end":{"line":48,"column":11}},"36":{"start":{"line":43,"column":12},"end":{"line":43,"column":64}},"37":{"start":{"line":44,"column":12},"end":{"line":44,"column":73}},"38":{"start":{"line":45,"column":12},"end":{"line":45,"column":69}},"39":{"start":{"line":46,"column":12},"end":{"line":46,"column":74}},"40":{"start":{"line":47,"column":12},"end":{"line":47,"column":24}},"41":{"start":{"line":50,"column":4},"end":{"line":59,"column":7}},"42":{"start":{"line":51,"column":8},"end":{"line":58,"column":11}},"43":{"start":{"line":54,"column":12},"end":{"line":54,"column":64}},"44":{"start":{"line":55,"column":12},"end":{"line":55,"column":73}},"45":{"start":{"line":56,"column":12},"end":{"line":56,"column":69}},"46":{"start":{"line":57,"column":12},"end":{"line":57,"column":24}}},"fnMap":{"0":{"name":"(anonymous_0)","decl":{"start":{"line":2,"column":74},"end":{"line":2,"column":75}},"loc":{"start":{"line":2,"column":96},"end":{"line":9,"column":1}},"line":2},"1":{"name":"(anonymous_1)","decl":{"start":{"line":6,"column":38},"end":{"line":6,"column":39}},"loc":{"start":{"line":6,"column":49},"end":{"line":6,"column":65}},"line":6},"2":{"name":"(anonymous_2)","decl":{"start":{"line":9,"column":6},"end":{"line":9,"column":7}},"loc":{"start":{"line":9,"column":28},"end":{"line":12,"column":1}},"line":9},"3":{"name":"(anonymous_3)","decl":{"start":{"line":13,"column":80},"end":{"line":13,"column":81}},"loc":{"start":{"line":13,"column":95},"end":{"line":15,"column":1}},"line":13},"4":{"name":"(anonymous_4)","decl":{"start":{"line":15,"column":5},"end":{"line":15,"column":6}},"loc":{"start":{"line":15,"column":20},"end":{"line":17,"column":1}},"line":15},"5":{"name":"(anonymous_5)","decl":{"start":{"line":18,"column":50},"end":{"line":18,"column":51}},"loc":{"start":{"line":18,"column":65},"end":{"line":24,"column":1}},"line":18},"6":{"name":"(anonymous_6)","decl":{"start":{"line":25,"column":56},"end":{"line":25,"column":57}},"loc":{"start":{"line":25,"column":71},"end":{"line":27,"column":1}},"line":25},"7":{"name":"(anonymous_7)","decl":{"start":{"line":33,"column":15},"end":{"line":33,"column":16}},"loc":{"start":{"line":33,"column":21},"end":{"line":33,"column":60}},"line":33},"8":{"name":"(anonymous_8)","decl":{"start":{"line":34,"column":28},"end":{"line":34,"column":29}},"loc":{"start":{"line":34,"column":34},"end":{"line":60,"column":1}},"line":34},"9":{"name":"(anonymous_9)","decl":{"start":{"line":35,"column":46},"end":{"line":35,"column":47}},"loc":{"start":{"line":35,"column":56},"end":{"line":49,"column":5}},"line":35},"10":{"name":"(anonymous_10)","decl":{"start":{"line":42,"column":17},"end":{"line":42,"column":18}},"loc":{"start":{"line":42,"column":38},"end":{"line":48,"column":9}},"line":42},"11":{"name":"(anonymous_11)","decl":{"start":{"line":50,"column":62},"end":{"line":50,"column":63}},"loc":{"start":{"line":50,"column":72},"end":{"line":59,"column":5}},"line":50},"12":{"name":"(anonymous_12)","decl":{"start":{"line":53,"column":17},"end":{"line":53,"column":18}},"loc":{"start":{"line":53,"column":38},"end":{"line":58,"column":9}},"line":53}},"branchMap":{"0":{"loc":{"start":{"line":2,"column":22},"end":{"line":12,"column":3}},"type":"binary-expr","locations":[{"start":{"line":2,"column":23},"end":{"line":2,"column":27}},{"start":{"line":2,"column":31},"end":{"line":2,"column":51}},{"start":{"line":2,"column":57},"end":{"line":12,"column":2}}],"line":2},"1":{"loc":{"start":{"line":2,"column":57},"end":{"line":12,"column":2}},"type":"cond-expr","locations":[{"start":{"line":2,"column":74},"end":{"line":9,"column":1}},{"start":{"line":9,"column":6},"end":{"line":12,"column":1}}],"line":2},"2":{"loc":{"start":{"line":3,"column":4},"end":{"line":3,"column":33}},"type":"if","locations":[{"start":{"line":3,"column":4},"end":{"line":3,"column":33}},{"start":{"line":3,"column":4},"end":{"line":3,"column":33}}],"line":3},"3":{"loc":{"start":{"line":5,"column":4},"end":{"line":7,"column":5}},"type":"if","locations":[{"start":{"line":5,"column":4},"end":{"line":7,"column":5}},{"start":{"line":5,"column":4},"end":{"line":7,"column":5}}],"line":5},"4":{"loc":{"start":{"line":5,"column":8},"end":{"line":5,"column":85}},"type":"binary-expr","locations":[{"start":{"line":5,"column":8},"end":{"line":5,"column":13}},{"start":{"line":5,"column":18},"end":{"line":5,"column":84}}],"line":5},"5":{"loc":{"start":{"line":5,"column":18},"end":{"line":5,"column":84}},"type":"cond-expr","locations":[{"start":{"line":5,"column":34},"end":{"line":5,"column":47}},{"start":{"line":5,"column":50},"end":{"line":5,"column":84}}],"line":5},"6":{"loc":{"start":{"line":5,"column":50},"end":{"line":5,"column":84}},"type":"binary-expr","locations":[{"start":{"line":5,"column":50},"end":{"line":5,"column":63}},{"start":{"line":5,"column":67},"end":{"line":5,"column":84}}],"line":5},"7":{"loc":{"start":{"line":10,"column":4},"end":{"line":10,"column":33}},"type":"if","locations":[{"start":{"line":10,"column":4},"end":{"line":10,"column":33}},{"start":{"line":10,"column":4},"end":{"line":10,"column":33}}],"line":10},"8":{"loc":{"start":{"line":13,"column":25},"end":{"line":17,"column":2}},"type":"binary-expr","locations":[{"start":{"line":13,"column":26},"end":{"line":13,"column":30}},{"start":{"line":13,"column":34},"end":{"line":13,"column":57}},{"start":{"line":13,"column":63},"end":{"line":17,"column":1}}],"line":13},"9":{"loc":{"start":{"line":13,"column":63},"end":{"line":17,"column":1}},"type":"cond-expr","locations":[{"start":{"line":13,"column":80},"end":{"line":15,"column":1}},{"start":{"line":15,"column":5},"end":{"line":17,"column":1}}],"line":13},"10":{"loc":{"start":{"line":18,"column":19},"end":{"line":24,"column":1}},"type":"binary-expr","locations":[{"start":{"line":18,"column":20},"end":{"line":18,"column":24}},{"start":{"line":18,"column":28},"end":{"line":18,"column":45}},{"start":{"line":18,"column":50},"end":{"line":24,"column":1}}],"line":18},"11":{"loc":{"start":{"line":19,"column":4},"end":{"line":19,"column":42}},"type":"if","locations":[{"start":{"line":19,"column":4},"end":{"line":19,"column":42}},{"start":{"line":19,"column":4},"end":{"line":19,"column":42}}],"line":19},"12":{"loc":{"start":{"line":19,"column":8},"end":{"line":19,"column":29}},"type":"binary-expr","locations":[{"start":{"line":19,"column":8},"end":{"line":19,"column":11}},{"start":{"line":19,"column":15},"end":{"line":19,"column":29}}],"line":19},"13":{"loc":{"start":{"line":21,"column":4},"end":{"line":21,"column":141}},"type":"if","locations":[{"start":{"line":21,"column":4},"end":{"line":21,"column":141}},{"start":{"line":21,"column":4},"end":{"line":21,"column":141}}],"line":21},"14":{"loc":{"start":{"line":21,"column":40},"end":{"line":21,"column":141}},"type":"if","locations":[{"start":{"line":21,"column":40},"end":{"line":21,"column":141}},{"start":{"line":21,"column":40},"end":{"line":21,"column":141}}],"line":21},"15":{"loc":{"start":{"line":21,"column":44},"end":{"line":21,"column":107}},"type":"binary-expr","locations":[{"start":{"line":21,"column":44},"end":{"line":21,"column":59}},{"start":{"line":21,"column":63},"end":{"line":21,"column":107}}],"line":21},"16":{"loc":{"start":{"line":25,"column":22},"end":{"line":27,"column":1}},"type":"binary-expr","locations":[{"start":{"line":25,"column":23},"end":{"line":25,"column":27}},{"start":{"line":25,"column":31},"end":{"line":25,"column":51}},{"start":{"line":25,"column":56},"end":{"line":27,"column":1}}],"line":25},"17":{"loc":{"start":{"line":26,"column":11},"end":{"line":26,"column":61}},"type":"cond-expr","locations":[{"start":{"line":26,"column":37},"end":{"line":26,"column":40}},{"start":{"line":26,"column":43},"end":{"line":26,"column":61}}],"line":26},"18":{"loc":{"start":{"line":26,"column":12},"end":{"line":26,"column":33}},"type":"binary-expr","locations":[{"start":{"line":26,"column":12},"end":{"line":26,"column":15}},{"start":{"line":26,"column":19},"end":{"line":26,"column":33}}],"line":26}},"s":{"0":1,"1":10,"2":10,"3":10,"4":10,"5":10,"6":7,"7":10,"8":0,"9":0,"10":0,"11":1,"12":1,"13":0,"14":1,"15":1,"16":0,"17":1,"18":1,"19":1,"20":10,"21":10,"22":1,"23":1,"24":1,"25":2,"26":1,"27":1,"28":1,"29":1,"30":1,"31":1,"32":2,"33":1,"34":1,"35":1,"36":1,"37":1,"38":1,"39":1,"40":1,"41":1,"42":1,"43":1,"44":1,"45":1,"46":1},"f":{"0":10,"1":7,"2":0,"3":1,"4":0,"5":1,"6":2,"7":2,"8":1,"9":1,"10":1,"11":1,"12":1},"b":{"0":[1,1,1],"1":[1,0],"2":[10,0],"3":[10,0],"4":[10,10],"5":[0,10],"6":[10,0],"7":[0,0],"8":[1,1,1],"9":[1,0],"10":[1,1,1],"11":[0,1],"12":[1,1],"13":[1,0],"14":[10,0],"15":[10,10],"16":[1,1,1],"17":[1,1],"18":[2,2]},"inputSourceMap":{"version":3,"file":"C:/server/ANDELA/TodoAppFullStack/TodoApp - Backend/src/modules/todo/test/todo.spec.ts","sources":["C:/server/ANDELA/TodoAppFullStack/TodoApp - Backend/src/modules/todo/test/todo.spec.ts"],"names":[],"mappings":";;;;;;;;;;;;;;;;;;;;;;;;;;;;AAAA,2DAAiC;AACjC,0DAAiC;AACjC,6CAAoC;AAEpC,cAAI,CAAC,GAAG,CAAC,mBAAQ,CAAC,CAAC;AACnB,MAAM,MAAM,GAAG,GAAG,EAAE,CAAC,cAAI,CAAC,OAAO,CAAC,eAAG,CAAC,CAAC;AAEvC,QAAQ,CAAC,iBAAiB,EAAE,GAAG,EAAE;IAE/B,EAAE,CAAC,qCAAqC,EAAE,CAAC,IAAI,EAAE,EAAE;QACjD,MAAM,EAAE;aACL,IAAI,CAAC,eAAe,CAAC;aACrB,IAAI,CAAC;YACJ,KAAK,EAAE,WAAW;YAClB,WAAW,EAAE,0BAA0B;SACxC,CAAC;aACD,GAAG,CAAC,CAAC,KAAK,EAAE,QAAQ,EAAE,EAAE;YACvB,IAAA,aAAM,EAAC,QAAQ,CAAC,IAAI,CAAC,CAAC,EAAE,CAAC,EAAE,CAAC,CAAC,CAAC,QAAQ,CAAC,CAAC;YACxC,IAAA,aAAM,EAAC,QAAQ,CAAC,IAAI,CAAC,CAAC,EAAE,CAAC,IAAI,CAAC,QAAQ,CAAC,QAAQ,CAAC,CAAC;YACjD,IAAA,aAAM,EAAC,QAAQ,CAAC,IAAI,CAAC,MAAM,CAAC,CAAC,EAAE,CAAC,KAAK,CAAC,KAAK,CAAC,CAAC;YAC7C,IAAA,aAAM,EAAC,QAAQ,CAAC,IAAI,CAAC,CAAC,EAAE,CAAC,IAAI,CAAC,QAAQ,CAAC,SAAS,CAAC,CAAC;YAClD,IAAI,CAAC,KAAK,CAAC,CAAC;QACd,CAAC,CAAC,CAAC;IACP,CAAC,CAAC,CAAC;IAEH,EAAE,CAAC,qDAAqD,EAAE,CAAC,IAAI,EAAE,EAAE;QACjE,MAAM,EAAE;aACL,GAAG,CAAC,iBAAiB,CAAC;aACtB,GAAG,CAAC,CAAC,KAAK,EAAE,QAAQ,EAAE,EAAE;YACvB,IAAA,aAAM,EAAC,QAAQ,CAAC,IAAI,CAAC,CAAC,EAAE,CAAC,EAAE,CAAC,CAAC,CAAC,QAAQ,CAAC,CAAC;YACxC,IAAA,aAAM,EAAC,QAAQ,CAAC,IAAI,CAAC,CAAC,EAAE,CAAC,IAAI,CAAC,QAAQ,CAAC,QAAQ,CAAC,CAAC;YACjD,IAAA,aAAM,EAAC,QAAQ,CAAC,IAAI,CAAC,MAAM,CAAC,CAAC,EAAE,CAAC,KAAK,CAAC,KAAK,CAAC,CAAA;YAC5C,IAAI,CAAC,KAAK,CAAC,CAAC;QACd,CAAC,CAAC,CAAC;IACP,CAAC,CAAC,CAAC;AAEL,CAAC,CAAC,CAAC","sourcesContent":["import app from \"../../../index\";\r\nimport chaiHttp from \"chai-http\";\r\nimport chai, { expect } from \"chai\";\r\n\r\nchai.use(chaiHttp);\r\nconst router = () => chai.request(app);\r\n\r\ndescribe(\"Todo Test Cases\", () => {\r\n\r\n  it(\"Can't add to do without login token\", (done) => {\r\n    router()\r\n      .post(\"/api/todo/add\")\r\n      .send({\r\n        title: \"TodoTest1\",\r\n        description: \"This is todo for testing\",\r\n      })\r\n      .end((error, response) => {\r\n        expect(response.body).to.be.a(\"object\");\r\n        expect(response.body).to.have.property(\"status\");\r\n        expect(response.body.status).to.equal(false);\r\n        expect(response.body).to.have.property(\"message\");\r\n        done(error);\r\n      });\r\n  });\r\n\r\n  it(\"Should not be able to get Todos without login Token\", (done) => {\r\n    router()\r\n      .get(\"/api/todo/todos\")\r\n      .end((error, response) => {\r\n        expect(response.body).to.be.a(\"object\");\r\n        expect(response.body).to.have.property(\"status\");\r\n        expect(response.body.status).to.equal(false)\r\n        done(error);\r\n      });\r\n  });\r\n  \r\n});\r\n\r\n\r\n\r\n"]},"_coverageSchema":"1a1c01bbd47fc00a2c39e90264f33305004495a9","hash":"9b0583ae711f2b17af97a7740b9727461af221c5"},"C:\\server\\ANDELA\\TodoAppFullStack\\TodoApp - Backend\\src\\index.ts":{"path":"C:\\server\\ANDELA\\TodoAppFullStack\\TodoApp - Backend\\src\\index.ts","statementMap":{"0":{"start":{"line":2,"column":22},"end":{"line":4,"column":1}},"1":{"start":{"line":3,"column":4},"end":{"line":3,"column":62}},"2":{"start":{"line":5,"column":0},"end":{"line":5,"column":62}},"3":{"start":{"line":6,"column":18},"end":{"line":6,"column":53}},"4":{"start":{"line":7,"column":17},"end":{"line":7,"column":53}},"5":{"start":{"line":8,"column":15},"end":{"line":8,"column":47}},"6":{"start":{"line":9,"column":17},"end":{"line":9,"column":51}},"7":{"start":{"line":10,"column":24},"end":{"line":10,"column":68}},"8":{"start":{"line":11,"column":0},"end":{"line":11,"column":38}},"9":{"start":{"line":12,"column":12},"end":{"line":12,"column":36}},"10":{"start":{"line":13,"column":0},"end":{"line":13,"column":34}},"11":{"start":{"line":14,"column":0},"end":{"line":14,"column":31}},"12":{"start":{"line":15,"column":0},"end":{"line":15,"column":26}},"13":{"start":{"line":16,"column":0},"end":{"line":16,"column":34}},"14":{"start":{"line":17,"column":0},"end":{"line":17,"column":34}},"15":{"start":{"line":18,"column":0},"end":{"line":20,"column":3}},"16":{"start":{"line":19,"column":4},"end":{"line":19,"column":22}},"17":{"start":{"line":21,"column":0},"end":{"line":23,"column":3}},"18":{"start":{"line":22,"column":4},"end":{"line":22,"column":53}},"19":{"start":{"line":24,"column":0},"end":{"line":26,"column":3}},"20":{"start":{"line":25,"column":4},"end":{"line":25,"column":50}},"21":{"start":{"line":27,"column":0},"end":{"line":27,"column":22}}},"fnMap":{"0":{"name":"(anonymous_0)","decl":{"start":{"line":2,"column":56},"end":{"line":2,"column":57}},"loc":{"start":{"line":2,"column":71},"end":{"line":4,"column":1}},"line":2},"1":{"name":"(anonymous_1)","decl":{"start":{"line":18,"column":17},"end":{"line":18,"column":18}},"loc":{"start":{"line":18,"column":31},"end":{"line":20,"column":1}},"line":18},"2":{"name":"(anonymous_2)","decl":{"start":{"line":21,"column":13},"end":{"line":21,"column":14}},"loc":{"start":{"line":21,"column":27},"end":{"line":23,"column":1}},"line":21},"3":{"name":"(anonymous_3)","decl":{"start":{"line":24,"column":17},"end":{"line":24,"column":18}},"loc":{"start":{"line":24,"column":23},"end":{"line":26,"column":1}},"line":24}},"branchMap":{"0":{"loc":{"start":{"line":2,"column":22},"end":{"line":4,"column":1}},"type":"binary-expr","locations":[{"start":{"line":2,"column":23},"end":{"line":2,"column":27}},{"start":{"line":2,"column":31},"end":{"line":2,"column":51}},{"start":{"line":2,"column":56},"end":{"line":4,"column":1}}],"line":2},"1":{"loc":{"start":{"line":3,"column":11},"end":{"line":3,"column":61}},"type":"cond-expr","locations":[{"start":{"line":3,"column":37},"end":{"line":3,"column":40}},{"start":{"line":3,"column":43},"end":{"line":3,"column":61}}],"line":3},"2":{"loc":{"start":{"line":3,"column":12},"end":{"line":3,"column":33}},"type":"binary-expr","locations":[{"start":{"line":3,"column":12},"end":{"line":3,"column":15}},{"start":{"line":3,"column":19},"end":{"line":3,"column":33}}],"line":3}},"s":{"0":1,"1":5,"2":1,"3":1,"4":1,"5":1,"6":1,"7":1,"8":1,"9":1,"10":1,"11":1,"12":1,"13":1,"14":1,"15":1,"16":0,"17":1,"18":0,"19":1,"20":1,"21":1},"f":{"0":5,"1":0,"2":0,"3":1},"b":{"0":[1,1,1],"1":[2,3],"2":[5,5]},"inputSourceMap":{"version":3,"file":"C:/server/ANDELA/TodoAppFullStack/TodoApp - Backend/src/index.ts","sources":["C:/server/ANDELA/TodoAppFullStack/TodoApp - Backend/src/index.ts"],"names":[],"mappings":";;;;;AAAA,sDAAqD;AACrD,sDAA8B;AAC9B,gDAAwB;AACxB,oDAA4B;AAC5B,qEAA4C;AAC5C,sCAAmC;AAEnC,MAAM,GAAG,GAAG,IAAA,iBAAO,GAAE,CAAC;AACtB,GAAG,CAAC,GAAG,CAAC,iBAAO,CAAC,IAAI,EAAE,CAAC,CAAC;AACxB,GAAG,CAAC,GAAG,CAAC,IAAA,cAAI,GAAE,CAAC,CAAC;AAChB,gBAAM,CAAC,MAAM,EAAE,CAAC;AAEhB,GAAG,CAAC,GAAG,CAAC,MAAM,EAAE,gBAAM,CAAC,CAAA;AACvB,IAAA,uBAAY,EAAC,GAAG,CAAC,CAAC;AAElB,GAAG,CAAC,GAAG,CAAC,OAAO,EAAE,CAAC,GAAY,EAAE,GAAa,EAAE,EAAE;IAC7C,GAAG,CAAC,IAAI,CAAC,OAAO,CAAC,CAAC;AACtB,CAAC,CAAC,CAAC;AAEH,GAAG,CAAC,GAAG,CAAC,GAAG,EAAE,CAAC,GAAY,EAAE,GAAa,EAAE,EAAE;IACzC,GAAG,CAAC,IAAI,CAAC,EAAE,OAAO,EAAE,yBAAyB,EAAE,CAAC,CAAC;AACrD,CAAC,CAAC,CAAC;AAEH,GAAG,CAAC,MAAM,CAAC,IAAI,EAAE,GAAG,EAAE;IAClB,OAAO,CAAC,GAAG,CAAC,gCAAgC,CAAC,CAAC;AAClD,CAAC,CAAC,CAAC;AAEH,kBAAe,GAAG,CAAC","sourcesContent":["import express, { Request, Response } from 'express';\r\nimport router from './routes';\r\nimport cors from 'cors';\r\nimport dotenv from 'dotenv';\r\nimport swaggerSetup from '../swaggerConfig';\r\nimport './database/config/database'\r\n\r\nconst app = express();\r\napp.use(express.json());\r\napp.use(cors());\r\ndotenv.config();\r\n\r\napp.use(\"/api\", router)\r\nswaggerSetup(app);\r\n\r\napp.get('/test', (req: Request, res: Response) => {\r\n    res.send('Hello');\r\n});\r\n\r\napp.get(\"/\", (req: Request, res: Response) => {\r\n    res.json({ message: \"Welcome To TODO BackEnd\" });\r\n});\r\n\r\napp.listen(9090, () => {\r\n    console.log(\"Server is running on port 9090\");\r\n});\r\n\r\nexport default app;"]},"_coverageSchema":"1a1c01bbd47fc00a2c39e90264f33305004495a9","hash":"d0f86b8a51fc29032dfb565930fa434770ba81e2"},"C:\\server\\ANDELA\\TodoAppFullStack\\TodoApp - Backend\\src\\routes\\index.ts":{"path":"C:\\server\\ANDELA\\TodoAppFullStack\\TodoApp - Backend\\src\\routes\\index.ts","statementMap":{"0":{"start":{"line":2,"column":22},"end":{"line":4,"column":1}},"1":{"start":{"line":3,"column":4},"end":{"line":3,"column":62}},"2":{"start":{"line":5,"column":0},"end":{"line":5,"column":62}},"3":{"start":{"line":6,"column":18},"end":{"line":6,"column":53}},"4":{"start":{"line":7,"column":22},"end":{"line":7,"column":63}},"5":{"start":{"line":8,"column":21},"end":{"line":8,"column":61}},"6":{"start":{"line":9,"column":15},"end":{"line":9,"column":41}},"7":{"start":{"line":10,"column":0},"end":{"line":10,"column":43}},"8":{"start":{"line":11,"column":0},"end":{"line":11,"column":42}},"9":{"start":{"line":12,"column":0},"end":{"line":12,"column":25}}},"fnMap":{"0":{"name":"(anonymous_0)","decl":{"start":{"line":2,"column":56},"end":{"line":2,"column":57}},"loc":{"start":{"line":2,"column":71},"end":{"line":4,"column":1}},"line":2}},"branchMap":{"0":{"loc":{"start":{"line":2,"column":22},"end":{"line":4,"column":1}},"type":"binary-expr","locations":[{"start":{"line":2,"column":23},"end":{"line":2,"column":27}},{"start":{"line":2,"column":31},"end":{"line":2,"column":51}},{"start":{"line":2,"column":56},"end":{"line":4,"column":1}}],"line":2},"1":{"loc":{"start":{"line":3,"column":11},"end":{"line":3,"column":61}},"type":"cond-expr","locations":[{"start":{"line":3,"column":37},"end":{"line":3,"column":40}},{"start":{"line":3,"column":43},"end":{"line":3,"column":61}}],"line":3},"2":{"loc":{"start":{"line":3,"column":12},"end":{"line":3,"column":33}},"type":"binary-expr","locations":[{"start":{"line":3,"column":12},"end":{"line":3,"column":15}},{"start":{"line":3,"column":19},"end":{"line":3,"column":33}}],"line":3}},"s":{"0":1,"1":3,"2":1,"3":1,"4":1,"5":1,"6":1,"7":1,"8":1,"9":1},"f":{"0":3},"b":{"0":[1,1,1],"1":[2,1],"2":[3,3]},"inputSourceMap":{"version":3,"file":"C:/server/ANDELA/TodoAppFullStack/TodoApp - Backend/src/routes/index.ts","sources":["C:/server/ANDELA/TodoAppFullStack/TodoApp - Backend/src/routes/index.ts"],"names":[],"mappings":";;;;;AAAA,sDAA8B;AAC9B,gEAAuC;AACvC,8DAAsC;AAEtC,MAAM,MAAM,GAAG,iBAAO,CAAC,MAAM,EAAE,CAAC;AAEhC,MAAM,CAAC,GAAG,CAAC,OAAO,EAAE,qBAAU,CAAC,CAAC;AAChC,MAAM,CAAC,GAAG,CAAC,OAAO,EAAE,oBAAU,CAAC,CAAC;AAEhC,kBAAe,MAAM,CAAC","sourcesContent":["import express from 'express';\r\nimport userRoutes from \"./usersRoutes\";\r\nimport todoRoutes from './todoRoutes';\r\n\r\nconst router = express.Router();\r\n\r\nrouter.use('/user', userRoutes);\r\nrouter.use('/todo', todoRoutes);\r\n\r\nexport default router;"]},"_coverageSchema":"1a1c01bbd47fc00a2c39e90264f33305004495a9","hash":"f234655b6c396f2ae70993c721e58bc81a526954"},"C:\\server\\ANDELA\\TodoAppFullStack\\TodoApp - Backend\\src\\routes\\usersRoutes.ts":{"path":"C:\\server\\ANDELA\\TodoAppFullStack\\TodoApp - Backend\\src\\routes\\usersRoutes.ts","statementMap":{"0":{"start":{"line":8,"column":22},"end":{"line":10,"column":1}},"1":{"start":{"line":9,"column":4},"end":{"line":9,"column":62}},"2":{"start":{"line":11,"column":0},"end":{"line":11,"column":62}},"3":{"start":{"line":134,"column":18},"end":{"line":134,"column":53}},"4":{"start":{"line":135,"column":26},"end":{"line":135,"column":80}},"5":{"start":{"line":136,"column":22},"end":{"line":136,"column":47}},"6":{"start":{"line":137,"column":26},"end":{"line":137,"column":80}},"7":{"start":{"line":138,"column":19},"end":{"line":138,"column":45}},"8":{"start":{"line":139,"column":0},"end":{"line":139,"column":61}},"9":{"start":{"line":140,"column":0},"end":{"line":140,"column":56}},"10":{"start":{"line":141,"column":0},"end":{"line":141,"column":55}},"11":{"start":{"line":142,"column":0},"end":{"line":142,"column":78}},"12":{"start":{"line":143,"column":0},"end":{"line":143,"column":79}},"13":{"start":{"line":144,"column":0},"end":{"line":144,"column":75}},"14":{"start":{"line":145,"column":0},"end":{"line":145,"column":29}}},"fnMap":{"0":{"name":"(anonymous_0)","decl":{"start":{"line":8,"column":56},"end":{"line":8,"column":57}},"loc":{"start":{"line":8,"column":71},"end":{"line":10,"column":1}},"line":8}},"branchMap":{"0":{"loc":{"start":{"line":8,"column":22},"end":{"line":10,"column":1}},"type":"binary-expr","locations":[{"start":{"line":8,"column":23},"end":{"line":8,"column":27}},{"start":{"line":8,"column":31},"end":{"line":8,"column":51}},{"start":{"line":8,"column":56},"end":{"line":10,"column":1}}],"line":8},"1":{"loc":{"start":{"line":9,"column":11},"end":{"line":9,"column":61}},"type":"cond-expr","locations":[{"start":{"line":9,"column":37},"end":{"line":9,"column":40}},{"start":{"line":9,"column":43},"end":{"line":9,"column":61}}],"line":9},"2":{"loc":{"start":{"line":9,"column":12},"end":{"line":9,"column":33}},"type":"binary-expr","locations":[{"start":{"line":9,"column":12},"end":{"line":9,"column":15}},{"start":{"line":9,"column":19},"end":{"line":9,"column":33}}],"line":9}},"s":{"0":1,"1":1,"2":1,"3":1,"4":1,"5":1,"6":1,"7":1,"8":1,"9":1,"10":1,"11":1,"12":1,"13":1,"14":1},"f":{"0":1},"b":{"0":[1,1,1],"1":[0,1],"2":[1,1]},"inputSourceMap":{"version":3,"file":"C:/server/ANDELA/TodoAppFullStack/TodoApp - Backend/src/routes/usersRoutes.ts","sources":["C:/server/ANDELA/TodoAppFullStack/TodoApp - Backend/src/routes/usersRoutes.ts"],"names":[],"mappings":";AAAA;;;;;GAKG;;;;;AAEH;;;;;;;;;;;;;;;;;;;;;;;;GAwBG;AAEH;;;;;;;;;;;;;;;GAeG;AAEH,gDAAgD;AAEhD;;;;;;;;;;;;;;;;;;;;;;;;GAwBG;AAEH;;;;;;;;;;;;;;;;;;;;;;;;;;GA0BG;AAEH;;;;;;;;;;;;;GAaG;AAEH;;;;;;;;;;;;;GAaG;AAKH,sDAA6B;AAC7B,iFAA2H;AAC3H,gDAAsC;AACtC,iFAAwE;AAExE,MAAM,UAAU,GAAG,iBAAO,CAAC,MAAM,EAAE,CAAC;AAEpC,UAAU,CAAC,IAAI,CAAC,WAAW,EAAE,8BAAY,CAAC,CAAA;AAC1C,UAAU,CAAC,GAAG,CAAC,QAAQ,EAAE,6BAAW,CAAC,CAAA;AACrC,UAAU,CAAC,IAAI,CAAC,QAAQ,EAAE,2BAAS,CAAC,CAAA;AACpC,UAAU,CAAC,KAAK,CAAC,SAAS,EAAE,kBAAI,EAAE,4BAAU,CAAC,CAAA;AAC7C,UAAU,CAAC,MAAM,CAAC,SAAS,EAAE,kBAAI,EAAE,4BAAU,CAAC,CAAA;AAC9C,UAAU,CAAC,IAAI,CAAC,QAAQ,EAAE,kBAAI,EAAE,2BAAS,CAAC,CAAA;AAE1C,kBAAe,UAAU,CAAC","sourcesContent":["/**\r\n * @swagger\r\n * tags:\r\n *   name: Users\r\n *   description: API endpoints for managing users\r\n */\r\n\r\n/**\r\n * @swagger\r\n * /user/register:\r\n *   post:\r\n *     summary: Register a new user\r\n *     tags: [Users]\r\n *     requestBody:\r\n *       required: true\r\n *       content:\r\n *         application/json:\r\n *           schema:\r\n *             type: object\r\n *             properties:\r\n *               username:\r\n *                 type: string\r\n *                 description: The username of the new user\r\n *               password:\r\n *                 type: string\r\n *                 description: The password of the new user\r\n *     responses:\r\n *       '200':\r\n *         description: Successfully registered user\r\n *       '400':\r\n *         description: Bad request\r\n */\r\n\r\n/**\r\n * @swagger\r\n * /user/users:\r\n *   get:\r\n *     summary: Get all users\r\n *     tags: [Users]\r\n *     responses:\r\n *       '200':\r\n *         description: A list of users\r\n *         schema:\r\n *           type: array\r\n *           items:\r\n *             $ref: '#/definitions/User'\r\n *       '401':\r\n *         description: Unauthorized\r\n */\r\n\r\n// Add definitions/User here for the User schema\r\n\r\n/**\r\n * @swagger\r\n * /user/login:\r\n *   post:\r\n *     summary: Log in as a user\r\n *     tags: [Users]\r\n *     requestBody:\r\n *       required: true\r\n *       content:\r\n *         application/json:\r\n *           schema:\r\n *             type: object\r\n *             properties:\r\n *               username:\r\n *                 type: string\r\n *                 description: The username of the user\r\n *               password:\r\n *                 type: string\r\n *                 description: The password of the user\r\n *     responses:\r\n *       '200':\r\n *         description: Successfully logged in\r\n *       '401':\r\n *         description: Unauthorized\r\n */\r\n\r\n/**\r\n * @swagger\r\n * /user/update:\r\n *   patch:\r\n *     summary: Update user information\r\n *     tags: [Users]\r\n *     security:\r\n *       - bearerAuth: []\r\n *     requestBody:\r\n *       required: true\r\n *       content:\r\n *         application/json:\r\n *           schema:\r\n *             type: object\r\n *             properties:\r\n *               username:\r\n *                 type: string\r\n *                 description: The new username of the user\r\n *               password:\r\n *                 type: string\r\n *                 description: The new password of the user\r\n *     responses:\r\n *       '200':\r\n *         description: Successfully updated user information\r\n *       '401':\r\n *         description: Unauthorized\r\n */\r\n\r\n/**\r\n * @swagger\r\n * /user/delete:\r\n *   delete:\r\n *     summary: Delete user account\r\n *     tags: [Users]\r\n *     security:\r\n *       - bearerAuth: []\r\n *     responses:\r\n *       '200':\r\n *         description: Successfully deleted user account\r\n *       '401':\r\n *         description: Unauthorized\r\n */\r\n\r\n/**\r\n * @swagger\r\n * /user/check:\r\n *   post:\r\n *     summary: Check user information for logged in user\r\n *     tags: [Users]\r\n *     security:\r\n *       - bearerAuth: []\r\n *     responses:\r\n *       '200':\r\n *         description: Successfully checked user information\r\n *       '401':\r\n *         description: Unauthorized\r\n */\r\n\r\n\r\n\r\n\r\nimport express from 'express'\r\nimport { registerUser, getAllUsers, loginUser, updateUser, deleteUser } from '../modules/users/controller/userControllers';\r\nimport { Auth } from '../middlewares';\r\nimport { checkUser } from '../modules/users/controller/userControllers';\r\n\r\nconst userRoutes = express.Router();\r\n\r\nuserRoutes.post(\"/register\", registerUser)\r\nuserRoutes.get(\"/users\", getAllUsers)\r\nuserRoutes.post(\"/login\", loginUser)\r\nuserRoutes.patch(\"/update\", Auth, updateUser)\r\nuserRoutes.delete(\"/delete\", Auth, deleteUser)\r\nuserRoutes.post(\"/check\", Auth, checkUser)\r\n\r\nexport default userRoutes;"]},"_coverageSchema":"1a1c01bbd47fc00a2c39e90264f33305004495a9","hash":"3feffa942b7781ac96e87c3767a1038f51180bed"},"C:\\server\\ANDELA\\TodoAppFullStack\\TodoApp - Backend\\src\\modules\\users\\controller\\userControllers.ts":{"path":"C:\\server\\ANDELA\\TodoAppFullStack\\TodoApp - Backend\\src\\modules\\users\\controller\\userControllers.ts","statementMap":{"0":{"start":{"line":2,"column":16},"end":{"line":10,"column":1}},"1":{"start":{"line":3,"column":28},"end":{"line":3,"column":110}},"2":{"start":{"line":3,"column":91},"end":{"line":3,"column":106}},"3":{"start":{"line":4,"column":4},"end":{"line":9,"column":7}},"4":{"start":{"line":5,"column":36},"end":{"line":5,"column":97}},"5":{"start":{"line":5,"column":42},"end":{"line":5,"column":70}},"6":{"start":{"line":5,"column":85},"end":{"line":5,"column":95}},"7":{"start":{"line":6,"column":35},"end":{"line":6,"column":100}},"8":{"start":{"line":6,"column":41},"end":{"line":6,"column":73}},"9":{"start":{"line":6,"column":88},"end":{"line":6,"column":98}},"10":{"start":{"line":7,"column":32},"end":{"line":7,"column":116}},"11":{"start":{"line":8,"column":8},"end":{"line":8,"column":78}},"12":{"start":{"line":11,"column":0},"end":{"line":11,"column":62}},"13":{"start":{"line":12,"column":0},"end":{"line":12,"column":134}},"14":{"start":{"line":13,"column":16},"end":{"line":13,"column":41}},"15":{"start":{"line":14,"column":25},"end":{"line":14,"column":64}},"16":{"start":{"line":15,"column":21},"end":{"line":28,"column":2}},"17":{"start":{"line":15,"column":35},"end":{"line":28,"column":2}},"18":{"start":{"line":16,"column":38},"end":{"line":16,"column":46}},"19":{"start":{"line":17,"column":17},"end":{"line":17,"column":67}},"20":{"start":{"line":18,"column":4},"end":{"line":19,"column":75}},"21":{"start":{"line":19,"column":8},"end":{"line":19,"column":75}},"22":{"start":{"line":20,"column":27},"end":{"line":20,"column":71}},"23":{"start":{"line":21,"column":20},"end":{"line":25,"column":5}},"24":{"start":{"line":26,"column":27},"end":{"line":26,"column":74}},"25":{"start":{"line":27,"column":4},"end":{"line":27,"column":78}},"26":{"start":{"line":29,"column":0},"end":{"line":29,"column":36}},"27":{"start":{"line":30,"column":20},"end":{"line":32,"column":2}},"28":{"start":{"line":30,"column":34},"end":{"line":32,"column":2}},"29":{"start":{"line":31,"column":4},"end":{"line":31,"column":93}},"30":{"start":{"line":33,"column":0},"end":{"line":33,"column":34}},"31":{"start":{"line":34,"column":18},"end":{"line":39,"column":2}},"32":{"start":{"line":34,"column":32},"end":{"line":39,"column":2}},"33":{"start":{"line":35,"column":17},"end":{"line":35,"column":69}},"34":{"start":{"line":36,"column":4},"end":{"line":37,"column":71}},"35":{"start":{"line":37,"column":8},"end":{"line":37,"column":71}},"36":{"start":{"line":38,"column":4},"end":{"line":38,"column":46}},"37":{"start":{"line":40,"column":0},"end":{"line":40,"column":30}},"38":{"start":{"line":41,"column":18},"end":{"line":51,"column":2}},"39":{"start":{"line":41,"column":32},"end":{"line":51,"column":2}},"40":{"start":{"line":42,"column":32},"end":{"line":42,"column":40}},"41":{"start":{"line":43,"column":17},"end":{"line":43,"column":67}},"42":{"start":{"line":44,"column":4},"end":{"line":45,"column":75}},"43":{"start":{"line":45,"column":8},"end":{"line":45,"column":75}},"44":{"start":{"line":46,"column":28},"end":{"line":46,"column":87}},"45":{"start":{"line":47,"column":4},"end":{"line":48,"column":75}},"46":{"start":{"line":48,"column":8},"end":{"line":48,"column":75}},"47":{"start":{"line":49,"column":18},"end":{"line":49,"column":53}},"48":{"start":{"line":50,"column":4},"end":{"line":50,"column":51}},"49":{"start":{"line":52,"column":0},"end":{"line":52,"column":30}},"50":{"start":{"line":53,"column":19},"end":{"line":63,"column":2}},"51":{"start":{"line":53,"column":33},"end":{"line":63,"column":2}},"52":{"start":{"line":54,"column":22},"end":{"line":54,"column":30}},"53":{"start":{"line":55,"column":17},"end":{"line":55,"column":67}},"54":{"start":{"line":56,"column":4},"end":{"line":57,"column":75}},"55":{"start":{"line":57,"column":8},"end":{"line":57,"column":75}},"56":{"start":{"line":58,"column":29},"end":{"line":58,"column":81}},"57":{"start":{"line":59,"column":4},"end":{"line":62,"column":56}},"58":{"start":{"line":60,"column":8},"end":{"line":60,"column":70}},"59":{"start":{"line":62,"column":8},"end":{"line":62,"column":56}},"60":{"start":{"line":64,"column":0},"end":{"line":64,"column":32}},"61":{"start":{"line":65,"column":19},"end":{"line":75,"column":2}},"62":{"start":{"line":65,"column":33},"end":{"line":75,"column":2}},"63":{"start":{"line":66,"column":28},"end":{"line":66,"column":36}},"64":{"start":{"line":67,"column":17},"end":{"line":67,"column":67}},"65":{"start":{"line":68,"column":4},"end":{"line":69,"column":75}},"66":{"start":{"line":69,"column":8},"end":{"line":69,"column":75}},"67":{"start":{"line":70,"column":24},"end":{"line":70,"column":86}},"68":{"start":{"line":71,"column":4},"end":{"line":74,"column":70}},"69":{"start":{"line":72,"column":8},"end":{"line":72,"column":73}},"70":{"start":{"line":74,"column":8},"end":{"line":74,"column":70}},"71":{"start":{"line":76,"column":0},"end":{"line":76,"column":32}}},"fnMap":{"0":{"name":"(anonymous_0)","decl":{"start":{"line":2,"column":44},"end":{"line":2,"column":45}},"loc":{"start":{"line":2,"column":89},"end":{"line":10,"column":1}},"line":2},"1":{"name":"adopt","decl":{"start":{"line":3,"column":13},"end":{"line":3,"column":18}},"loc":{"start":{"line":3,"column":26},"end":{"line":3,"column":112}},"line":3},"2":{"name":"(anonymous_2)","decl":{"start":{"line":3,"column":70},"end":{"line":3,"column":71}},"loc":{"start":{"line":3,"column":89},"end":{"line":3,"column":108}},"line":3},"3":{"name":"(anonymous_3)","decl":{"start":{"line":4,"column":36},"end":{"line":4,"column":37}},"loc":{"start":{"line":4,"column":63},"end":{"line":9,"column":5}},"line":4},"4":{"name":"fulfilled","decl":{"start":{"line":5,"column":17},"end":{"line":5,"column":26}},"loc":{"start":{"line":5,"column":34},"end":{"line":5,"column":99}},"line":5},"5":{"name":"rejected","decl":{"start":{"line":6,"column":17},"end":{"line":6,"column":25}},"loc":{"start":{"line":6,"column":33},"end":{"line":6,"column":102}},"line":6},"6":{"name":"step","decl":{"start":{"line":7,"column":17},"end":{"line":7,"column":21}},"loc":{"start":{"line":7,"column":30},"end":{"line":7,"column":118}},"line":7},"7":{"name":"(anonymous_7)","decl":{"start":{"line":15,"column":21},"end":{"line":15,"column":22}},"loc":{"start":{"line":15,"column":35},"end":{"line":28,"column":2}},"line":15},"8":{"name":"(anonymous_8)","decl":{"start":{"line":15,"column":69},"end":{"line":15,"column":70}},"loc":{"start":{"line":15,"column":82},"end":{"line":28,"column":1}},"line":15},"9":{"name":"(anonymous_9)","decl":{"start":{"line":30,"column":20},"end":{"line":30,"column":21}},"loc":{"start":{"line":30,"column":34},"end":{"line":32,"column":2}},"line":30},"10":{"name":"(anonymous_10)","decl":{"start":{"line":30,"column":68},"end":{"line":30,"column":69}},"loc":{"start":{"line":30,"column":81},"end":{"line":32,"column":1}},"line":30},"11":{"name":"(anonymous_11)","decl":{"start":{"line":34,"column":18},"end":{"line":34,"column":19}},"loc":{"start":{"line":34,"column":32},"end":{"line":39,"column":2}},"line":34},"12":{"name":"(anonymous_12)","decl":{"start":{"line":34,"column":66},"end":{"line":34,"column":67}},"loc":{"start":{"line":34,"column":79},"end":{"line":39,"column":1}},"line":34},"13":{"name":"(anonymous_13)","decl":{"start":{"line":41,"column":18},"end":{"line":41,"column":19}},"loc":{"start":{"line":41,"column":32},"end":{"line":51,"column":2}},"line":41},"14":{"name":"(anonymous_14)","decl":{"start":{"line":41,"column":66},"end":{"line":41,"column":67}},"loc":{"start":{"line":41,"column":79},"end":{"line":51,"column":1}},"line":41},"15":{"name":"(anonymous_15)","decl":{"start":{"line":53,"column":19},"end":{"line":53,"column":20}},"loc":{"start":{"line":53,"column":33},"end":{"line":63,"column":2}},"line":53},"16":{"name":"(anonymous_16)","decl":{"start":{"line":53,"column":67},"end":{"line":53,"column":68}},"loc":{"start":{"line":53,"column":80},"end":{"line":63,"column":1}},"line":53},"17":{"name":"(anonymous_17)","decl":{"start":{"line":65,"column":19},"end":{"line":65,"column":20}},"loc":{"start":{"line":65,"column":33},"end":{"line":75,"column":2}},"line":65},"18":{"name":"(anonymous_18)","decl":{"start":{"line":65,"column":67},"end":{"line":65,"column":68}},"loc":{"start":{"line":65,"column":80},"end":{"line":75,"column":1}},"line":65}},"branchMap":{"0":{"loc":{"start":{"line":2,"column":16},"end":{"line":10,"column":1}},"type":"binary-expr","locations":[{"start":{"line":2,"column":17},"end":{"line":2,"column":21}},{"start":{"line":2,"column":25},"end":{"line":2,"column":39}},{"start":{"line":2,"column":44},"end":{"line":10,"column":1}}],"line":2},"1":{"loc":{"start":{"line":3,"column":35},"end":{"line":3,"column":109}},"type":"cond-expr","locations":[{"start":{"line":3,"column":56},"end":{"line":3,"column":61}},{"start":{"line":3,"column":64},"end":{"line":3,"column":109}}],"line":3},"2":{"loc":{"start":{"line":4,"column":16},"end":{"line":4,"column":34}},"type":"binary-expr","locations":[{"start":{"line":4,"column":16},"end":{"line":4,"column":17}},{"start":{"line":4,"column":22},"end":{"line":4,"column":33}}],"line":4},"3":{"loc":{"start":{"line":7,"column":32},"end":{"line":7,"column":115}},"type":"cond-expr","locations":[{"start":{"line":7,"column":46},"end":{"line":7,"column":67}},{"start":{"line":7,"column":70},"end":{"line":7,"column":115}}],"line":7},"4":{"loc":{"start":{"line":8,"column":51},"end":{"line":8,"column":67}},"type":"binary-expr","locations":[{"start":{"line":8,"column":51},"end":{"line":8,"column":61}},{"start":{"line":8,"column":65},"end":{"line":8,"column":67}}],"line":8},"5":{"loc":{"start":{"line":18,"column":4},"end":{"line":19,"column":75}},"type":"if","locations":[{"start":{"line":18,"column":4},"end":{"line":19,"column":75}},{"start":{"line":18,"column":4},"end":{"line":19,"column":75}}],"line":18},"6":{"loc":{"start":{"line":36,"column":4},"end":{"line":37,"column":71}},"type":"if","locations":[{"start":{"line":36,"column":4},"end":{"line":37,"column":71}},{"start":{"line":36,"column":4},"end":{"line":37,"column":71}}],"line":36},"7":{"loc":{"start":{"line":44,"column":4},"end":{"line":45,"column":75}},"type":"if","locations":[{"start":{"line":44,"column":4},"end":{"line":45,"column":75}},{"start":{"line":44,"column":4},"end":{"line":45,"column":75}}],"line":44},"8":{"loc":{"start":{"line":47,"column":4},"end":{"line":48,"column":75}},"type":"if","locations":[{"start":{"line":47,"column":4},"end":{"line":48,"column":75}},{"start":{"line":47,"column":4},"end":{"line":48,"column":75}}],"line":47},"9":{"loc":{"start":{"line":56,"column":4},"end":{"line":57,"column":75}},"type":"if","locations":[{"start":{"line":56,"column":4},"end":{"line":57,"column":75}},{"start":{"line":56,"column":4},"end":{"line":57,"column":75}}],"line":56},"10":{"loc":{"start":{"line":59,"column":4},"end":{"line":62,"column":56}},"type":"if","locations":[{"start":{"line":59,"column":4},"end":{"line":62,"column":56}},{"start":{"line":59,"column":4},"end":{"line":62,"column":56}}],"line":59},"11":{"loc":{"start":{"line":68,"column":4},"end":{"line":69,"column":75}},"type":"if","locations":[{"start":{"line":68,"column":4},"end":{"line":69,"column":75}},{"start":{"line":68,"column":4},"end":{"line":69,"column":75}}],"line":68},"12":{"loc":{"start":{"line":71,"column":4},"end":{"line":74,"column":70}},"type":"if","locations":[{"start":{"line":71,"column":4},"end":{"line":74,"column":70}},{"start":{"line":71,"column":4},"end":{"line":74,"column":70}}],"line":71}},"s":{"0":1,"1":3,"2":0,"3":3,"4":3,"5":3,"6":0,"7":0,"8":0,"9":0,"10":6,"11":3,"12":1,"13":1,"14":1,"15":1,"16":1,"17":2,"18":2,"19":2,"20":2,"21":2,"22":0,"23":0,"24":0,"25":0,"26":1,"27":1,"28":0,"29":0,"30":1,"31":1,"32":0,"33":0,"34":0,"35":0,"36":0,"37":1,"38":1,"39":1,"40":1,"41":1,"42":1,"43":1,"44":0,"45":0,"46":0,"47":0,"48":0,"49":1,"50":1,"51":0,"52":0,"53":0,"54":0,"55":0,"56":0,"57":0,"58":0,"59":0,"60":1,"61":1,"62":0,"63":0,"64":0,"65":0,"66":0,"67":0,"68":0,"69":0,"70":0,"71":1},"f":{"0":3,"1":3,"2":0,"3":3,"4":3,"5":0,"6":6,"7":2,"8":2,"9":0,"10":0,"11":0,"12":0,"13":1,"14":1,"15":0,"16":0,"17":0,"18":0},"b":{"0":[1,1,1],"1":[3,0],"2":[3,3],"3":[3,3],"4":[3,3],"5":[2,0],"6":[0,0],"7":[1,0],"8":[0,0],"9":[0,0],"10":[0,0],"11":[0,0],"12":[0,0]},"inputSourceMap":{"version":3,"file":"C:/server/ANDELA/TodoAppFullStack/TodoApp - Backend/src/modules/users/controller/userControllers.ts","sources":["C:/server/ANDELA/TodoAppFullStack/TodoApp - Backend/src/modules/users/controller/userControllers.ts"],"names":[],"mappings":";;;;;;;;;;;;AACA,0CAAgF;AAChF,iEAAsJ;AAEtJ,MAAM,YAAY,GAAG,CAAO,GAAY,EAAE,GAAa,EAAC,EAAE;IACtD,MAAM,EAAC,IAAI,EAAE,KAAK,EAAE,QAAQ,EAAC,GAAG,GAAG,CAAC,IAAI,CAAC;IACzC,MAAM,IAAI,GAAG,MAAM,IAAA,gCAAe,EAAC,KAAK,CAAC,CAAC;IAC1C,IAAG,IAAI;QAAE,OAAO,GAAG,CAAC,IAAI,CAAC,EAAC,MAAM,EAAE,KAAK,EAAE,OAAO,EAAE,qBAAqB,EAAC,CAAC,CAAC;IAC1E,MAAM,cAAc,GAAG,MAAM,IAAA,uBAAe,EAAC,QAAQ,CAAC,CAAC;IACvD,MAAM,OAAO,GAAG;QACZ,IAAI,EAAE,IAAI;QACV,KAAK,EAAE,KAAK;QACZ,QAAQ,EAAE,cAAc;KAC3B,CAAC;IACF,MAAM,cAAc,GAAG,MAAM,IAAA,2BAAU,EAAC,OAAO,CAAC,CAAA;IAChD,GAAG,CAAC,IAAI,CAAC,EAAC,MAAM,EAAE,IAAI,EAAE,OAAO,EAAE,cAAc,CAAC,IAAI,GAAG,cAAc,EAAC,CAAC,CAAC;AAC5E,CAAC,CAAA,CAAA;AAyCG,oCAAY;AAvChB,MAAM,WAAW,GAAG,CAAO,GAAY,EAAE,GAAa,EAAC,EAAE;IACrD,GAAG,CAAC,IAAI,CAAC,EAAC,MAAM,EAAE,IAAI,EAAE,OAAO,EAAE,MAAM,IAAA,sCAAqB,GAAE,EAAC,CAAC,CAAC;AACrE,CAAC,CAAA,CAAA;AAsCG,kCAAW;AApCf,MAAM,SAAS,GAAG,CAAM,GAAY,EAAE,GAAa,EAAC,EAAE;IAClD,MAAM,IAAI,GAAG,MAAM,IAAA,6BAAY,EAAE,GAAW,CAAC,MAAM,CAAC,CAAA;IACpD,IAAG,CAAC,IAAI;QAAE,OAAO,GAAG,CAAC,IAAI,CAAC,EAAC,MAAM,EAAE,KAAK,EAAE,OAAO,EAAE,iBAAiB,EAAC,CAAC,CAAC;IACvE,GAAG,CAAC,IAAI,CAAC,EAAC,MAAM,EAAE,IAAI,EAAE,OAAO,EAAE,IAAI,EAAC,CAAC,CAAC;AAC5C,CAAC,CAAA,CAAA;AAoCG,8BAAS;AAlCb,MAAM,SAAS,GAAG,CAAO,GAAY,EAAE,GAAa,EAAC,EAAE;IACnD,MAAM,EAAC,KAAK,EAAE,QAAQ,EAAC,GAAG,GAAG,CAAC,IAAI,CAAC;IACnC,MAAM,IAAI,GAAG,MAAM,IAAA,gCAAe,EAAC,KAAK,CAAC,CAAC;IAC1C,IAAG,CAAC,IAAI;QAAE,OAAO,GAAG,CAAC,IAAI,CAAC,EAAC,MAAM,EAAE,KAAK,EAAE,OAAO,EAAE,qBAAqB,EAAC,CAAC,CAAC;IAC3E,MAAM,eAAe,GAAG,MAAM,IAAA,uBAAe,EAAC,QAAQ,EAAE,IAAI,CAAC,QAAQ,CAAC,CAAC;IACvE,IAAG,CAAC,eAAe;QAAE,OAAO,GAAG,CAAC,IAAI,CAAC,EAAC,MAAM,EAAE,KAAK,EAAE,OAAO,EAAE,qBAAqB,EAAC,CAAC,CAAC;IACtF,MAAM,KAAK,GAAG,IAAA,qBAAa,EAAC,IAAI,CAAC,EAAE,CAAC,CAAC;IACrC,GAAG,CAAC,IAAI,CAAC,EAAC,MAAM,EAAE,IAAI,EAAE,OAAO,EAAE,EAAC,KAAK,EAAC,EAAC,CAAC,CAAC;AAC/C,CAAC,CAAA,CAAA;AAuBG,8BAAS;AArBb,MAAM,UAAU,GAAG,CAAO,GAAY,EAAE,GAAa,EAAC,EAAE;IACpD,MAAM,EAAC,KAAK,EAAC,GAAG,GAAG,CAAC,IAAI,CAAC;IACzB,MAAM,IAAI,GAAG,MAAM,IAAA,gCAAe,EAAC,KAAK,CAAC,CAAC;IAC1C,IAAG,CAAC,IAAI;QAAE,OAAO,GAAG,CAAC,IAAI,CAAC,EAAC,MAAM,EAAE,KAAK,EAAE,OAAO,EAAE,qBAAqB,EAAC,CAAC,CAAC;IAC3E,MAAM,EAAE,YAAY,EAAE,GAAG,MAAM,IAAA,kCAAiB,EAAC,KAAK,CAAC,CAAC;IACxD,IAAG,YAAY,GAAG,CAAC;QAAE,GAAG,CAAC,IAAI,CAAC,EAAC,MAAM,EAAE,KAAK,EAAE,OAAO,EAAE,uBAAuB,EAAC,CAAC,CAAC;;QAC5E,GAAG,CAAC,IAAI,CAAC,EAAC,MAAM,EAAE,IAAI,EAAE,OAAO,EAAE,UAAU,EAAC,CAAC,CAAC;AACvD,CAAC,CAAA,CAAA;AAeG,gCAAU;AAbd,MAAM,UAAU,GAAG,CAAO,GAAY,EAAE,GAAa,EAAC,EAAE;IACpD,MAAM,EAAC,IAAI,EAAE,KAAK,EAAC,GAAG,GAAG,CAAC,IAAI,CAAC;IAC/B,MAAM,IAAI,GAAG,MAAM,IAAA,gCAAe,EAAC,KAAK,CAAC,CAAC;IAC1C,IAAG,CAAC,IAAI;QAAE,OAAO,GAAG,CAAC,IAAI,CAAC,EAAC,MAAM,EAAE,KAAK,EAAE,OAAO,EAAE,qBAAqB,EAAC,CAAC,CAAC;IAC3E,MAAM,WAAW,GAAG,MAAM,IAAA,kCAAiB,EAAC,KAAK,EAAE,EAAC,IAAI,EAAC,CAAC,CAAC;IAC3D,IAAG,WAAW,CAAC,aAAa,GAAG,CAAC;QAAE,GAAG,CAAC,IAAI,CAAC,EAAC,MAAM,EAAE,IAAI,EAAE,OAAO,EAAE,2BAA2B,EAAC,CAAC,CAAC;;QAC5F,GAAG,CAAC,IAAI,CAAC,EAAC,MAAM,EAAE,KAAK,EAAE,OAAO,EAAE,uBAAuB,EAAC,CAAC,CAAC;AACrE,CAAC,CAAA,CAAA;AAOG,gCAAU","sourcesContent":["import { Request, Response } from \"express\";\r\nimport { comparePassword, encryptPassword, generateToken } from '../../../utils'\r\nimport { createUser, deleteUserByEmail, findUserByEmail, findUserById, getAllRegisteredUsers, updateUserByEmail } from \"../repository/userRepository\";\r\n\r\nconst registerUser = async (req: Request, res: Response)=>{\r\n    const {name, email, password} = req.body;\r\n    const user = await findUserByEmail(email);\r\n    if(user) return res.json({status: false, message: \"User already exist.\"});\r\n    const hashedPassword = await encryptPassword(password);\r\n    const newUser = {\r\n        name: name,\r\n        email: email,\r\n        password: hashedPassword\r\n    };\r\n    const newCreatedUser = await createUser(newUser)\r\n    res.json({status: true, message: newCreatedUser.name + \" registered.\"});\r\n}\r\n\r\nconst getAllUsers = async (req: Request, res: Response)=>{\r\n    res.json({status: true, message: await getAllRegisteredUsers()});\r\n}\r\n\r\nconst checkUser = async(req: Request, res: Response)=>{\r\n    const user = await findUserById((req as any).userId)\r\n    if(!user) return res.json({status: false, message: \"User not found!\"});\r\n    res.json({status: true, message: user});\r\n}\r\n\r\nconst loginUser = async (req: Request, res: Response)=>{\r\n    const {email, password} = req.body;\r\n    const user = await findUserByEmail(email);\r\n    if(!user) return res.json({status: false, message: \"Invalid credentials\"});\r\n    const passwordMatches = await comparePassword(password, user.password);\r\n    if(!passwordMatches) return res.json({status: false, message: \"Invalid credentials\"});\r\n    const token = generateToken(user.id);\r\n    res.json({status: true, message: {token}});\r\n}\r\n\r\nconst deleteUser = async (req: Request, res: Response)=>{\r\n    const {email} = req.body;\r\n    const user = await findUserByEmail(email);\r\n    if(!user) return res.json({status: false, message: \"User doesn't exist.\"});\r\n    const { deletedCount } = await deleteUserByEmail(email);\r\n    if(deletedCount < 1) res.json({status: false, message: \"Failed to delete User\"});\r\n    else res.json({status: true, message: \"Deleted.\"});\r\n}\r\n\r\nconst updateUser = async (req: Request, res: Response)=>{\r\n    const {name, email} = req.body;\r\n    const user = await findUserByEmail(email);\r\n    if(!user) return res.json({status: false, message: \"User doesn't exist.\"});\r\n    const updatedUser = await updateUserByEmail(email, {name});\r\n    if(updatedUser.modifiedCount > 0) res.json({status: true, message: \"User updated successfully\"});\r\n    else res.json({status: false, message: \"Failed to update User\"});\r\n}\r\n\r\nexport {\r\n    registerUser,\r\n    getAllUsers,\r\n    loginUser,\r\n    deleteUser,\r\n    updateUser,\r\n    checkUser,\r\n}"]},"_coverageSchema":"1a1c01bbd47fc00a2c39e90264f33305004495a9","hash":"fbadf33e576dc3f87cd24eeddc3dd15053a93848"},"C:\\server\\ANDELA\\TodoAppFullStack\\TodoApp - Backend\\src\\utils\\index.ts":{"path":"C:\\server\\ANDELA\\TodoAppFullStack\\TodoApp - Backend\\src\\utils\\index.ts","statementMap":{"0":{"start":{"line":2,"column":22},"end":{"line":4,"column":1}},"1":{"start":{"line":3,"column":4},"end":{"line":3,"column":62}},"2":{"start":{"line":5,"column":0},"end":{"line":5,"column":62}},"3":{"start":{"line":6,"column":0},"end":{"line":6,"column":83}},"4":{"start":{"line":7,"column":23},"end":{"line":7,"column":63}},"5":{"start":{"line":8,"column":24},"end":{"line":8,"column":50}},"6":{"start":{"line":9,"column":0},"end":{"line":9,"column":134}},"7":{"start":{"line":9,"column":89},"end":{"line":9,"column":128}},"8":{"start":{"line":10,"column":0},"end":{"line":10,"column":134}},"9":{"start":{"line":10,"column":89},"end":{"line":10,"column":128}},"10":{"start":{"line":11,"column":16},"end":{"line":11,"column":47}},"11":{"start":{"line":12,"column":22},"end":{"line":15,"column":1}},"12":{"start":{"line":13,"column":18},"end":{"line":13,"column":87}},"13":{"start":{"line":14,"column":4},"end":{"line":14,"column":17}},"14":{"start":{"line":16,"column":0},"end":{"line":16,"column":38}}},"fnMap":{"0":{"name":"(anonymous_0)","decl":{"start":{"line":2,"column":56},"end":{"line":2,"column":57}},"loc":{"start":{"line":2,"column":71},"end":{"line":4,"column":1}},"line":2},"1":{"name":"(anonymous_1)","decl":{"start":{"line":9,"column":75},"end":{"line":9,"column":76}},"loc":{"start":{"line":9,"column":87},"end":{"line":9,"column":130}},"line":9},"2":{"name":"(anonymous_2)","decl":{"start":{"line":10,"column":75},"end":{"line":10,"column":76}},"loc":{"start":{"line":10,"column":87},"end":{"line":10,"column":130}},"line":10},"3":{"name":"(anonymous_3)","decl":{"start":{"line":12,"column":22},"end":{"line":12,"column":23}},"loc":{"start":{"line":12,"column":34},"end":{"line":15,"column":1}},"line":12}},"branchMap":{"0":{"loc":{"start":{"line":2,"column":22},"end":{"line":4,"column":1}},"type":"binary-expr","locations":[{"start":{"line":2,"column":23},"end":{"line":2,"column":27}},{"start":{"line":2,"column":31},"end":{"line":2,"column":51}},{"start":{"line":2,"column":56},"end":{"line":4,"column":1}}],"line":2},"1":{"loc":{"start":{"line":3,"column":11},"end":{"line":3,"column":61}},"type":"cond-expr","locations":[{"start":{"line":3,"column":37},"end":{"line":3,"column":40}},{"start":{"line":3,"column":43},"end":{"line":3,"column":61}}],"line":3},"2":{"loc":{"start":{"line":3,"column":12},"end":{"line":3,"column":33}},"type":"binary-expr","locations":[{"start":{"line":3,"column":12},"end":{"line":3,"column":15}},{"start":{"line":3,"column":19},"end":{"line":3,"column":33}}],"line":3},"3":{"loc":{"start":{"line":11,"column":16},"end":{"line":11,"column":47}},"type":"binary-expr","locations":[{"start":{"line":11,"column":16},"end":{"line":11,"column":35}},{"start":{"line":11,"column":39},"end":{"line":11,"column":47}}],"line":11}},"s":{"0":1,"1":1,"2":1,"3":1,"4":1,"5":1,"6":1,"7":0,"8":1,"9":0,"10":1,"11":1,"12":0,"13":0,"14":1},"f":{"0":1,"1":0,"2":0,"3":0},"b":{"0":[1,1,1],"1":[0,1],"2":[1,1],"3":[1,1]},"inputSourceMap":{"version":3,"file":"C:/server/ANDELA/TodoAppFullStack/TodoApp - Backend/src/utils/index.ts","sources":["C:/server/ANDELA/TodoAppFullStack/TodoApp - Backend/src/utils/index.ts"],"names":[],"mappings":";;;;;;AAAA,gEAA8B;AAC9B,mDAAmE;AAW/D,gGAXK,+BAAe,OAWL;AACf,gGAZsB,+BAAe,OAYtB;AAVnB,MAAM,OAAO,GAAG,OAAO,CAAC,GAAG,CAAC,OAAO,IAAI,QAAQ,CAAC;AAEhD,MAAM,aAAa,GAAG,CAAC,MAAc,EAAU,EAAE;IAC7C,MAAM,KAAK,GAAG,sBAAG,CAAC,IAAI,CAAC,EAAC,MAAM,EAAC,EAAE,OAAO,EAAE,EAAC,SAAS,EAAE,IAAI,EAAC,CAAC,CAAC;IAC7D,OAAO,KAAK,CAAC;AACjB,CAAC,CAAA;AAGG,sCAAa","sourcesContent":["import jwt from 'jsonwebtoken'\r\nimport { encryptPassword, comparePassword } from './passwordUtils';\r\n\r\nconst JWT_KEY = process.env.JWT_KEY || 'SECRET';\r\n\r\nconst generateToken = (userId: string): string => {\r\n    const token = jwt.sign({userId}, JWT_KEY, {expiresIn: '1d'});\r\n    return token;\r\n}\r\n\r\nexport {\r\n    generateToken,\r\n    encryptPassword,\r\n    comparePassword,\r\n}"]},"_coverageSchema":"1a1c01bbd47fc00a2c39e90264f33305004495a9","hash":"13412b4e5b5dabb026fe7f2cceb1026de6638451"},"C:\\server\\ANDELA\\TodoAppFullStack\\TodoApp - Backend\\src\\utils\\passwordUtils.ts":{"path":"C:\\server\\ANDELA\\TodoAppFullStack\\TodoApp - Backend\\src\\utils\\passwordUtils.ts","statementMap":{"0":{"start":{"line":2,"column":16},"end":{"line":10,"column":1}},"1":{"start":{"line":3,"column":28},"end":{"line":3,"column":110}},"2":{"start":{"line":3,"column":91},"end":{"line":3,"column":106}},"3":{"start":{"line":4,"column":4},"end":{"line":9,"column":7}},"4":{"start":{"line":5,"column":36},"end":{"line":5,"column":97}},"5":{"start":{"line":5,"column":42},"end":{"line":5,"column":70}},"6":{"start":{"line":5,"column":85},"end":{"line":5,"column":95}},"7":{"start":{"line":6,"column":35},"end":{"line":6,"column":100}},"8":{"start":{"line":6,"column":41},"end":{"line":6,"column":73}},"9":{"start":{"line":6,"column":88},"end":{"line":6,"column":98}},"10":{"start":{"line":7,"column":32},"end":{"line":7,"column":116}},"11":{"start":{"line":8,"column":8},"end":{"line":8,"column":78}},"12":{"start":{"line":11,"column":22},"end":{"line":13,"column":1}},"13":{"start":{"line":12,"column":4},"end":{"line":12,"column":62}},"14":{"start":{"line":14,"column":0},"end":{"line":14,"column":62}},"15":{"start":{"line":15,"column":0},"end":{"line":15,"column":59}},"16":{"start":{"line":16,"column":17},"end":{"line":16,"column":51}},"17":{"start":{"line":17,"column":24},"end":{"line":19,"column":2}},"18":{"start":{"line":17,"column":38},"end":{"line":19,"column":2}},"19":{"start":{"line":18,"column":4},"end":{"line":18,"column":53}},"20":{"start":{"line":20,"column":0},"end":{"line":20,"column":42}},"21":{"start":{"line":21,"column":24},"end":{"line":23,"column":2}},"22":{"start":{"line":21,"column":54},"end":{"line":23,"column":2}},"23":{"start":{"line":22,"column":4},"end":{"line":22,"column":68}},"24":{"start":{"line":24,"column":0},"end":{"line":24,"column":42}}},"fnMap":{"0":{"name":"(anonymous_0)","decl":{"start":{"line":2,"column":44},"end":{"line":2,"column":45}},"loc":{"start":{"line":2,"column":89},"end":{"line":10,"column":1}},"line":2},"1":{"name":"adopt","decl":{"start":{"line":3,"column":13},"end":{"line":3,"column":18}},"loc":{"start":{"line":3,"column":26},"end":{"line":3,"column":112}},"line":3},"2":{"name":"(anonymous_2)","decl":{"start":{"line":3,"column":70},"end":{"line":3,"column":71}},"loc":{"start":{"line":3,"column":89},"end":{"line":3,"column":108}},"line":3},"3":{"name":"(anonymous_3)","decl":{"start":{"line":4,"column":36},"end":{"line":4,"column":37}},"loc":{"start":{"line":4,"column":63},"end":{"line":9,"column":5}},"line":4},"4":{"name":"fulfilled","decl":{"start":{"line":5,"column":17},"end":{"line":5,"column":26}},"loc":{"start":{"line":5,"column":34},"end":{"line":5,"column":99}},"line":5},"5":{"name":"rejected","decl":{"start":{"line":6,"column":17},"end":{"line":6,"column":25}},"loc":{"start":{"line":6,"column":33},"end":{"line":6,"column":102}},"line":6},"6":{"name":"step","decl":{"start":{"line":7,"column":17},"end":{"line":7,"column":21}},"loc":{"start":{"line":7,"column":30},"end":{"line":7,"column":118}},"line":7},"7":{"name":"(anonymous_7)","decl":{"start":{"line":11,"column":56},"end":{"line":11,"column":57}},"loc":{"start":{"line":11,"column":71},"end":{"line":13,"column":1}},"line":11},"8":{"name":"(anonymous_8)","decl":{"start":{"line":17,"column":24},"end":{"line":17,"column":25}},"loc":{"start":{"line":17,"column":38},"end":{"line":19,"column":2}},"line":17},"9":{"name":"(anonymous_9)","decl":{"start":{"line":17,"column":72},"end":{"line":17,"column":73}},"loc":{"start":{"line":17,"column":85},"end":{"line":19,"column":1}},"line":17},"10":{"name":"(anonymous_10)","decl":{"start":{"line":21,"column":24},"end":{"line":21,"column":25}},"loc":{"start":{"line":21,"column":54},"end":{"line":23,"column":2}},"line":21},"11":{"name":"(anonymous_11)","decl":{"start":{"line":21,"column":88},"end":{"line":21,"column":89}},"loc":{"start":{"line":21,"column":101},"end":{"line":23,"column":1}},"line":21}},"branchMap":{"0":{"loc":{"start":{"line":2,"column":16},"end":{"line":10,"column":1}},"type":"binary-expr","locations":[{"start":{"line":2,"column":17},"end":{"line":2,"column":21}},{"start":{"line":2,"column":25},"end":{"line":2,"column":39}},{"start":{"line":2,"column":44},"end":{"line":10,"column":1}}],"line":2},"1":{"loc":{"start":{"line":3,"column":35},"end":{"line":3,"column":109}},"type":"cond-expr","locations":[{"start":{"line":3,"column":56},"end":{"line":3,"column":61}},{"start":{"line":3,"column":64},"end":{"line":3,"column":109}}],"line":3},"2":{"loc":{"start":{"line":4,"column":16},"end":{"line":4,"column":34}},"type":"binary-expr","locations":[{"start":{"line":4,"column":16},"end":{"line":4,"column":17}},{"start":{"line":4,"column":22},"end":{"line":4,"column":33}}],"line":4},"3":{"loc":{"start":{"line":7,"column":32},"end":{"line":7,"column":115}},"type":"cond-expr","locations":[{"start":{"line":7,"column":46},"end":{"line":7,"column":67}},{"start":{"line":7,"column":70},"end":{"line":7,"column":115}}],"line":7},"4":{"loc":{"start":{"line":8,"column":51},"end":{"line":8,"column":67}},"type":"binary-expr","locations":[{"start":{"line":8,"column":51},"end":{"line":8,"column":61}},{"start":{"line":8,"column":65},"end":{"line":8,"column":67}}],"line":8},"5":{"loc":{"start":{"line":11,"column":22},"end":{"line":13,"column":1}},"type":"binary-expr","locations":[{"start":{"line":11,"column":23},"end":{"line":11,"column":27}},{"start":{"line":11,"column":31},"end":{"line":11,"column":51}},{"start":{"line":11,"column":56},"end":{"line":13,"column":1}}],"line":11},"6":{"loc":{"start":{"line":12,"column":11},"end":{"line":12,"column":61}},"type":"cond-expr","locations":[{"start":{"line":12,"column":37},"end":{"line":12,"column":40}},{"start":{"line":12,"column":43},"end":{"line":12,"column":61}}],"line":12},"7":{"loc":{"start":{"line":12,"column":12},"end":{"line":12,"column":33}},"type":"binary-expr","locations":[{"start":{"line":12,"column":12},"end":{"line":12,"column":15}},{"start":{"line":12,"column":19},"end":{"line":12,"column":33}}],"line":12}},"s":{"0":1,"1":0,"2":0,"3":0,"4":0,"5":0,"6":0,"7":0,"8":0,"9":0,"10":0,"11":0,"12":1,"13":1,"14":1,"15":1,"16":1,"17":1,"18":0,"19":0,"20":1,"21":1,"22":0,"23":0,"24":1},"f":{"0":0,"1":0,"2":0,"3":0,"4":0,"5":0,"6":0,"7":1,"8":0,"9":0,"10":0,"11":0},"b":{"0":[1,1,1],"1":[0,0],"2":[0,0],"3":[0,0],"4":[0,0],"5":[1,1,1],"6":[0,1],"7":[1,1]},"inputSourceMap":{"version":3,"file":"C:/server/ANDELA/TodoAppFullStack/TodoApp - Backend/src/utils/passwordUtils.ts","sources":["C:/server/ANDELA/TodoAppFullStack/TodoApp - Backend/src/utils/passwordUtils.ts"],"names":[],"mappings":";;;;;;;;;;;;;;;AAAA,oDAA4B;AAE5B,MAAM,eAAe,GAAG,CAAO,QAAgB,EAAE,EAAE;IAC/C,OAAO,MAAM,gBAAM,CAAC,IAAI,CAAC,QAAQ,EAAE,EAAE,CAAC,CAAC;AAC3C,CAAC,CAAA,CAAA;AAOG,0CAAe;AALnB,MAAM,eAAe,GAAG,CAAO,QAAgB,EAAE,cAAsB,EAAE,EAAE;IACvE,OAAO,MAAM,gBAAM,CAAC,OAAO,CAAC,QAAQ,EAAE,cAAc,CAAC,CAAC;AAC1D,CAAC,CAAA,CAAA;AAIG,0CAAe","sourcesContent":["import bcrypt from 'bcrypt';\r\n\r\nconst encryptPassword = async (password: string) =>{\r\n    return await bcrypt.hash(password, 10);\r\n}\r\n\r\nconst comparePassword = async (password: string, hashedPassword: string) =>{\r\n    return await bcrypt.compare(password, hashedPassword);\r\n}\r\n\r\nexport {\r\n    encryptPassword,\r\n    comparePassword\r\n}"]},"_coverageSchema":"1a1c01bbd47fc00a2c39e90264f33305004495a9","hash":"43a505c1d183343198f465596d31e654f71bd9b1"},"C:\\server\\ANDELA\\TodoAppFullStack\\TodoApp - Backend\\src\\modules\\users\\repository\\userRepository.ts":{"path":"C:\\server\\ANDELA\\TodoAppFullStack\\TodoApp - Backend\\src\\modules\\users\\repository\\userRepository.ts","statementMap":{"0":{"start":{"line":2,"column":16},"end":{"line":10,"column":1}},"1":{"start":{"line":3,"column":28},"end":{"line":3,"column":110}},"2":{"start":{"line":3,"column":91},"end":{"line":3,"column":106}},"3":{"start":{"line":4,"column":4},"end":{"line":9,"column":7}},"4":{"start":{"line":5,"column":36},"end":{"line":5,"column":97}},"5":{"start":{"line":5,"column":42},"end":{"line":5,"column":70}},"6":{"start":{"line":5,"column":85},"end":{"line":5,"column":95}},"7":{"start":{"line":6,"column":35},"end":{"line":6,"column":100}},"8":{"start":{"line":6,"column":41},"end":{"line":6,"column":73}},"9":{"start":{"line":6,"column":88},"end":{"line":6,"column":98}},"10":{"start":{"line":7,"column":32},"end":{"line":7,"column":116}},"11":{"start":{"line":8,"column":8},"end":{"line":8,"column":78}},"12":{"start":{"line":11,"column":22},"end":{"line":13,"column":1}},"13":{"start":{"line":12,"column":4},"end":{"line":12,"column":62}},"14":{"start":{"line":14,"column":0},"end":{"line":14,"column":62}},"15":{"start":{"line":15,"column":0},"end":{"line":15,"column":184}},"16":{"start":{"line":16,"column":15},"end":{"line":16,"column":72}},"17":{"start":{"line":17,"column":19},"end":{"line":19,"column":2}},"18":{"start":{"line":17,"column":29},"end":{"line":19,"column":2}},"19":{"start":{"line":18,"column":4},"end":{"line":18,"column":45}},"20":{"start":{"line":20,"column":0},"end":{"line":20,"column":32}},"21":{"start":{"line":21,"column":17},"end":{"line":23,"column":2}},"22":{"start":{"line":21,"column":29},"end":{"line":23,"column":2}},"23":{"start":{"line":22,"column":4},"end":{"line":22,"column":49}},"24":{"start":{"line":24,"column":0},"end":{"line":24,"column":28}},"25":{"start":{"line":25,"column":30},"end":{"line":27,"column":2}},"26":{"start":{"line":25,"column":36},"end":{"line":27,"column":2}},"27":{"start":{"line":26,"column":4},"end":{"line":26,"column":39}},"28":{"start":{"line":28,"column":0},"end":{"line":28,"column":54}},"29":{"start":{"line":29,"column":24},"end":{"line":31,"column":2}},"30":{"start":{"line":29,"column":35},"end":{"line":31,"column":2}},"31":{"start":{"line":30,"column":4},"end":{"line":30,"column":51}},"32":{"start":{"line":32,"column":0},"end":{"line":32,"column":42}},"33":{"start":{"line":33,"column":21},"end":{"line":35,"column":2}},"34":{"start":{"line":33,"column":29},"end":{"line":35,"column":2}},"35":{"start":{"line":34,"column":4},"end":{"line":34,"column":53}},"36":{"start":{"line":36,"column":0},"end":{"line":36,"column":36}},"37":{"start":{"line":37,"column":26},"end":{"line":39,"column":2}},"38":{"start":{"line":37,"column":37},"end":{"line":39,"column":2}},"39":{"start":{"line":38,"column":4},"end":{"line":38,"column":53}},"40":{"start":{"line":40,"column":0},"end":{"line":40,"column":46}},"41":{"start":{"line":41,"column":26},"end":{"line":43,"column":2}},"42":{"start":{"line":41,"column":43},"end":{"line":43,"column":2}},"43":{"start":{"line":42,"column":4},"end":{"line":42,"column":59}},"44":{"start":{"line":44,"column":0},"end":{"line":44,"column":46}}},"fnMap":{"0":{"name":"(anonymous_0)","decl":{"start":{"line":2,"column":44},"end":{"line":2,"column":45}},"loc":{"start":{"line":2,"column":89},"end":{"line":10,"column":1}},"line":2},"1":{"name":"adopt","decl":{"start":{"line":3,"column":13},"end":{"line":3,"column":18}},"loc":{"start":{"line":3,"column":26},"end":{"line":3,"column":112}},"line":3},"2":{"name":"(anonymous_2)","decl":{"start":{"line":3,"column":70},"end":{"line":3,"column":71}},"loc":{"start":{"line":3,"column":89},"end":{"line":3,"column":108}},"line":3},"3":{"name":"(anonymous_3)","decl":{"start":{"line":4,"column":36},"end":{"line":4,"column":37}},"loc":{"start":{"line":4,"column":63},"end":{"line":9,"column":5}},"line":4},"4":{"name":"fulfilled","decl":{"start":{"line":5,"column":17},"end":{"line":5,"column":26}},"loc":{"start":{"line":5,"column":34},"end":{"line":5,"column":99}},"line":5},"5":{"name":"rejected","decl":{"start":{"line":6,"column":17},"end":{"line":6,"column":25}},"loc":{"start":{"line":6,"column":33},"end":{"line":6,"column":102}},"line":6},"6":{"name":"step","decl":{"start":{"line":7,"column":17},"end":{"line":7,"column":21}},"loc":{"start":{"line":7,"column":30},"end":{"line":7,"column":118}},"line":7},"7":{"name":"(anonymous_7)","decl":{"start":{"line":11,"column":56},"end":{"line":11,"column":57}},"loc":{"start":{"line":11,"column":71},"end":{"line":13,"column":1}},"line":11},"8":{"name":"(anonymous_8)","decl":{"start":{"line":17,"column":19},"end":{"line":17,"column":20}},"loc":{"start":{"line":17,"column":29},"end":{"line":19,"column":2}},"line":17},"9":{"name":"(anonymous_9)","decl":{"start":{"line":17,"column":63},"end":{"line":17,"column":64}},"loc":{"start":{"line":17,"column":76},"end":{"line":19,"column":1}},"line":17},"10":{"name":"(anonymous_10)","decl":{"start":{"line":21,"column":17},"end":{"line":21,"column":18}},"loc":{"start":{"line":21,"column":29},"end":{"line":23,"column":2}},"line":21},"11":{"name":"(anonymous_11)","decl":{"start":{"line":21,"column":63},"end":{"line":21,"column":64}},"loc":{"start":{"line":21,"column":76},"end":{"line":23,"column":1}},"line":21},"12":{"name":"(anonymous_12)","decl":{"start":{"line":25,"column":30},"end":{"line":25,"column":31}},"loc":{"start":{"line":25,"column":36},"end":{"line":27,"column":2}},"line":25},"13":{"name":"(anonymous_13)","decl":{"start":{"line":25,"column":70},"end":{"line":25,"column":71}},"loc":{"start":{"line":25,"column":83},"end":{"line":27,"column":1}},"line":25},"14":{"name":"(anonymous_14)","decl":{"start":{"line":29,"column":24},"end":{"line":29,"column":25}},"loc":{"start":{"line":29,"column":35},"end":{"line":31,"column":2}},"line":29},"15":{"name":"(anonymous_15)","decl":{"start":{"line":29,"column":69},"end":{"line":29,"column":70}},"loc":{"start":{"line":29,"column":82},"end":{"line":31,"column":1}},"line":29},"16":{"name":"(anonymous_16)","decl":{"start":{"line":33,"column":21},"end":{"line":33,"column":22}},"loc":{"start":{"line":33,"column":29},"end":{"line":35,"column":2}},"line":33},"17":{"name":"(anonymous_17)","decl":{"start":{"line":33,"column":63},"end":{"line":33,"column":64}},"loc":{"start":{"line":33,"column":76},"end":{"line":35,"column":1}},"line":33},"18":{"name":"(anonymous_18)","decl":{"start":{"line":37,"column":26},"end":{"line":37,"column":27}},"loc":{"start":{"line":37,"column":37},"end":{"line":39,"column":2}},"line":37},"19":{"name":"(anonymous_19)","decl":{"start":{"line":37,"column":71},"end":{"line":37,"column":72}},"loc":{"start":{"line":37,"column":84},"end":{"line":39,"column":1}},"line":37},"20":{"name":"(anonymous_20)","decl":{"start":{"line":41,"column":26},"end":{"line":41,"column":27}},"loc":{"start":{"line":41,"column":43},"end":{"line":43,"column":2}},"line":41},"21":{"name":"(anonymous_21)","decl":{"start":{"line":41,"column":77},"end":{"line":41,"column":78}},"loc":{"start":{"line":41,"column":90},"end":{"line":43,"column":1}},"line":41}},"branchMap":{"0":{"loc":{"start":{"line":2,"column":16},"end":{"line":10,"column":1}},"type":"binary-expr","locations":[{"start":{"line":2,"column":17},"end":{"line":2,"column":21}},{"start":{"line":2,"column":25},"end":{"line":2,"column":39}},{"start":{"line":2,"column":44},"end":{"line":10,"column":1}}],"line":2},"1":{"loc":{"start":{"line":3,"column":35},"end":{"line":3,"column":109}},"type":"cond-expr","locations":[{"start":{"line":3,"column":56},"end":{"line":3,"column":61}},{"start":{"line":3,"column":64},"end":{"line":3,"column":109}}],"line":3},"2":{"loc":{"start":{"line":4,"column":16},"end":{"line":4,"column":34}},"type":"binary-expr","locations":[{"start":{"line":4,"column":16},"end":{"line":4,"column":17}},{"start":{"line":4,"column":22},"end":{"line":4,"column":33}}],"line":4},"3":{"loc":{"start":{"line":7,"column":32},"end":{"line":7,"column":115}},"type":"cond-expr","locations":[{"start":{"line":7,"column":46},"end":{"line":7,"column":67}},{"start":{"line":7,"column":70},"end":{"line":7,"column":115}}],"line":7},"4":{"loc":{"start":{"line":8,"column":51},"end":{"line":8,"column":67}},"type":"binary-expr","locations":[{"start":{"line":8,"column":51},"end":{"line":8,"column":61}},{"start":{"line":8,"column":65},"end":{"line":8,"column":67}}],"line":8},"5":{"loc":{"start":{"line":11,"column":22},"end":{"line":13,"column":1}},"type":"binary-expr","locations":[{"start":{"line":11,"column":23},"end":{"line":11,"column":27}},{"start":{"line":11,"column":31},"end":{"line":11,"column":51}},{"start":{"line":11,"column":56},"end":{"line":13,"column":1}}],"line":11},"6":{"loc":{"start":{"line":12,"column":11},"end":{"line":12,"column":61}},"type":"cond-expr","locations":[{"start":{"line":12,"column":37},"end":{"line":12,"column":40}},{"start":{"line":12,"column":43},"end":{"line":12,"column":61}}],"line":12},"7":{"loc":{"start":{"line":12,"column":12},"end":{"line":12,"column":33}},"type":"binary-expr","locations":[{"start":{"line":12,"column":12},"end":{"line":12,"column":15}},{"start":{"line":12,"column":19},"end":{"line":12,"column":33}}],"line":12}},"s":{"0":1,"1":3,"2":3,"3":3,"4":3,"5":3,"6":0,"7":0,"8":0,"9":0,"10":6,"11":3,"12":1,"13":1,"14":1,"15":1,"16":1,"17":1,"18":0,"19":0,"20":1,"21":1,"22":0,"23":0,"24":1,"25":1,"26":0,"27":0,"28":1,"29":1,"30":3,"31":3,"32":1,"33":1,"34":0,"35":0,"36":1,"37":1,"38":0,"39":0,"40":1,"41":1,"42":0,"43":0,"44":1},"f":{"0":3,"1":3,"2":3,"3":3,"4":3,"5":0,"6":6,"7":1,"8":0,"9":0,"10":0,"11":0,"12":0,"13":0,"14":3,"15":3,"16":0,"17":0,"18":0,"19":0,"20":0,"21":0},"b":{"0":[1,1,1],"1":[0,3],"2":[3,3],"3":[3,3],"4":[3,3],"5":[1,1,1],"6":[1,0],"7":[1,1]},"inputSourceMap":{"version":3,"file":"C:/server/ANDELA/TodoAppFullStack/TodoApp - Backend/src/modules/users/repository/userRepository.ts","sources":["C:/server/ANDELA/TodoAppFullStack/TodoApp - Backend/src/modules/users/repository/userRepository.ts"],"names":[],"mappings":";;;;;;;;;;;;;;;AAAA,yEAAiD;AAGjD,MAAM,UAAU,GAAG,CAAO,IAAS,EAAE,EAAE;IACnC,OAAO,MAAM,cAAI,CAAC,MAAM,CAAC,IAAI,CAAC,CAAC;AACnC,CAAC,CAAA,CAAA;AA2BG,gCAAU;AAzBd,MAAM,QAAQ,GAAG,CAAO,MAAc,EAAE,EAAE;IACtC,OAAO,MAAM,cAAI,CAAC,IAAI,CAAC,EAAC,MAAM,EAAC,CAAC,CAAA;AACpC,CAAC,CAAA,CAAA;AAwBG,4BAAQ;AAtBZ,MAAM,qBAAqB,GAAG,GAAS,EAAE;IACrC,OAAO,MAAM,cAAI,CAAC,IAAI,EAAE,CAAA;AAC5B,CAAC,CAAA,CAAA;AAwBG,sDAAqB;AAtBzB,MAAM,eAAe,GAAG,CAAO,KAAa,EAAE,EAAE;IAC5C,OAAO,MAAM,cAAI,CAAC,OAAO,CAAC,EAAC,KAAK,EAAC,CAAC,CAAC;AACvC,CAAC,CAAA,CAAA;AAiBG,0CAAe;AAfnB,MAAM,YAAY,GAAG,CAAO,EAAU,EAAE,EAAE;IACtC,OAAO,MAAM,cAAI,CAAC,OAAO,CAAC,EAAC,GAAG,EAAE,EAAE,EAAC,CAAC,CAAC;AACzC,CAAC,CAAA,CAAA;AAiBG,oCAAY;AAfhB,MAAM,iBAAiB,GAAG,CAAO,KAAa,EAAE,EAAE;IAC9C,OAAO,MAAM,cAAI,CAAC,SAAS,CAAC,EAAC,KAAK,EAAC,CAAC,CAAC;AACzC,CAAC,CAAA,CAAA;AAUG,8CAAiB;AARrB,MAAM,iBAAiB,GAAG,CAAO,KAAa,EAAE,IAAS,EAAE,EAAE;IACzD,OAAO,MAAM,cAAI,CAAC,SAAS,CAAC,EAAC,KAAK,EAAC,EAAE,IAAI,CAAC,CAAA;AAC9C,CAAC,CAAA,CAAA;AAOG,8CAAiB","sourcesContent":["import User from \"../../../database/models/User\";\r\n\r\n\r\nconst createUser = async (body: any) => {\r\n    return await User.create(body);\r\n}\r\n\r\nconst getUsers = async (userId: string) => {\r\n    return await User.find({userId})\r\n}\r\n\r\nconst getAllRegisteredUsers = async () => {\r\n    return await User.find()\r\n}\r\n\r\nconst findUserByEmail = async (email: string) => {\r\n    return await User.findOne({email});\r\n}\r\n\r\nconst findUserById = async (id: string) => {\r\n    return await User.findOne({_id: id});\r\n}\r\n\r\nconst deleteUserByEmail = async (email: string) => {\r\n    return await User.deleteOne({email});\r\n}\r\n\r\nconst updateUserByEmail = async (email: string, data: any) => {\r\n    return await User.updateOne({email}, data)\r\n}\r\n\r\nexport {\r\n    createUser,\r\n    getUsers,\r\n    findUserByEmail,\r\n    deleteUserByEmail,\r\n    updateUserByEmail,\r\n    getAllRegisteredUsers,\r\n    findUserById\r\n}"]},"_coverageSchema":"1a1c01bbd47fc00a2c39e90264f33305004495a9","hash":"d5d15a6c2e40e320bea9f3609d68d314df241a7d"},"C:\\server\\ANDELA\\TodoAppFullStack\\TodoApp - Backend\\src\\middlewares\\index.ts":{"path":"C:\\server\\ANDELA\\TodoAppFullStack\\TodoApp - Backend\\src\\middlewares\\index.ts","statementMap":{"0":{"start":{"line":2,"column":0},"end":{"line":2,"column":62}},"1":{"start":{"line":3,"column":0},"end":{"line":3,"column":22}},"2":{"start":{"line":4,"column":15},"end":{"line":4,"column":32}},"3":{"start":{"line":5,"column":0},"end":{"line":5,"column":103}},"4":{"start":{"line":5,"column":78},"end":{"line":5,"column":97}}},"fnMap":{"0":{"name":"(anonymous_0)","decl":{"start":{"line":5,"column":64},"end":{"line":5,"column":65}},"loc":{"start":{"line":5,"column":76},"end":{"line":5,"column":99}},"line":5}},"branchMap":{},"s":{"0":1,"1":1,"2":1,"3":1,"4":9},"f":{"0":9},"b":{},"inputSourceMap":{"version":3,"file":"C:/server/ANDELA/TodoAppFullStack/TodoApp - Backend/src/middlewares/index.ts","sources":["C:/server/ANDELA/TodoAppFullStack/TodoApp - Backend/src/middlewares/index.ts"],"names":[],"mappings":";;;AAAA,iCAA8B;AAEtB,qFAFC,WAAI,OAED","sourcesContent":["import { Auth } from \"./Auth\";\r\n\r\nexport {Auth}"]},"_coverageSchema":"1a1c01bbd47fc00a2c39e90264f33305004495a9","hash":"a67b3e3be047242e9f00daf645331200b8703a3f"},"C:\\server\\ANDELA\\TodoAppFullStack\\TodoApp - Backend\\src\\middlewares\\Auth.ts":{"path":"C:\\server\\ANDELA\\TodoAppFullStack\\TodoApp - Backend\\src\\middlewares\\Auth.ts","statementMap":{"0":{"start":{"line":2,"column":22},"end":{"line":4,"column":1}},"1":{"start":{"line":3,"column":4},"end":{"line":3,"column":62}},"2":{"start":{"line":5,"column":0},"end":{"line":5,"column":62}},"3":{"start":{"line":6,"column":0},"end":{"line":6,"column":22}},"4":{"start":{"line":7,"column":23},"end":{"line":7,"column":63}},"5":{"start":{"line":8,"column":16},"end":{"line":8,"column":47}},"6":{"start":{"line":9,"column":13},"end":{"line":22,"column":1}},"7":{"start":{"line":10,"column":23},"end":{"line":10,"column":51}},"8":{"start":{"line":11,"column":18},"end":{"line":11,"column":56}},"9":{"start":{"line":12,"column":4},"end":{"line":14,"column":5}},"10":{"start":{"line":13,"column":8},"end":{"line":13,"column":78}},"11":{"start":{"line":15,"column":4},"end":{"line":21,"column":7}},"12":{"start":{"line":16,"column":8},"end":{"line":18,"column":9}},"13":{"start":{"line":17,"column":12},"end":{"line":17,"column":97}},"14":{"start":{"line":19,"column":8},"end":{"line":19,"column":36}},"15":{"start":{"line":20,"column":8},"end":{"line":20,"column":15}},"16":{"start":{"line":23,"column":0},"end":{"line":23,"column":20}}},"fnMap":{"0":{"name":"(anonymous_0)","decl":{"start":{"line":2,"column":56},"end":{"line":2,"column":57}},"loc":{"start":{"line":2,"column":71},"end":{"line":4,"column":1}},"line":2},"1":{"name":"(anonymous_1)","decl":{"start":{"line":9,"column":13},"end":{"line":9,"column":14}},"loc":{"start":{"line":9,"column":33},"end":{"line":22,"column":1}},"line":9},"2":{"name":"(anonymous_2)","decl":{"start":{"line":15,"column":50},"end":{"line":15,"column":51}},"loc":{"start":{"line":15,"column":68},"end":{"line":21,"column":5}},"line":15}},"branchMap":{"0":{"loc":{"start":{"line":2,"column":22},"end":{"line":4,"column":1}},"type":"binary-expr","locations":[{"start":{"line":2,"column":23},"end":{"line":2,"column":27}},{"start":{"line":2,"column":31},"end":{"line":2,"column":51}},{"start":{"line":2,"column":56},"end":{"line":4,"column":1}}],"line":2},"1":{"loc":{"start":{"line":3,"column":11},"end":{"line":3,"column":61}},"type":"cond-expr","locations":[{"start":{"line":3,"column":37},"end":{"line":3,"column":40}},{"start":{"line":3,"column":43},"end":{"line":3,"column":61}}],"line":3},"2":{"loc":{"start":{"line":3,"column":12},"end":{"line":3,"column":33}},"type":"binary-expr","locations":[{"start":{"line":3,"column":12},"end":{"line":3,"column":15}},{"start":{"line":3,"column":19},"end":{"line":3,"column":33}}],"line":3},"3":{"loc":{"start":{"line":8,"column":16},"end":{"line":8,"column":47}},"type":"binary-expr","locations":[{"start":{"line":8,"column":16},"end":{"line":8,"column":35}},{"start":{"line":8,"column":39},"end":{"line":8,"column":47}}],"line":8},"4":{"loc":{"start":{"line":11,"column":18},"end":{"line":11,"column":56}},"type":"binary-expr","locations":[{"start":{"line":11,"column":18},"end":{"line":11,"column":28}},{"start":{"line":11,"column":32},"end":{"line":11,"column":56}}],"line":11},"5":{"loc":{"start":{"line":12,"column":4},"end":{"line":14,"column":5}},"type":"if","locations":[{"start":{"line":12,"column":4},"end":{"line":14,"column":5}},{"start":{"line":12,"column":4},"end":{"line":14,"column":5}}],"line":12},"6":{"loc":{"start":{"line":16,"column":8},"end":{"line":18,"column":9}},"type":"if","locations":[{"start":{"line":16,"column":8},"end":{"line":18,"column":9}},{"start":{"line":16,"column":8},"end":{"line":18,"column":9}}],"line":16}},"s":{"0":1,"1":1,"2":1,"3":1,"4":1,"5":1,"6":1,"7":2,"8":2,"9":2,"10":2,"11":0,"12":0,"13":0,"14":0,"15":0,"16":1},"f":{"0":1,"1":2,"2":0},"b":{"0":[1,1,1],"1":[0,1],"2":[1,1],"3":[1,1],"4":[2,0],"5":[2,0],"6":[0,0]},"inputSourceMap":{"version":3,"file":"C:/server/ANDELA/TodoAppFullStack/TodoApp - Backend/src/middlewares/Auth.ts","sources":["C:/server/ANDELA/TodoAppFullStack/TodoApp - Backend/src/middlewares/Auth.ts"],"names":[],"mappings":";;;;;;AAAA,gEAA+B;AAG/B,MAAM,OAAO,GAAG,OAAO,CAAC,GAAG,CAAC,OAAO,IAAI,QAAQ,CAAC;AAEzC,MAAM,IAAI,GAAG,CAAC,GAAY,EAAE,GAAa,EAAE,IAAkB,EAAE,EAAE;IACpE,MAAM,UAAU,GAAG,GAAG,CAAC,OAAO,CAAC,eAAe,CAAC,CAAC;IAChD,MAAM,KAAK,GAAG,UAAU,IAAI,UAAU,CAAC,KAAK,CAAC,GAAG,CAAC,CAAC,CAAC,CAAC,CAAC;IAErD,IAAI,CAAC,KAAK,EAAE,CAAC;QACT,OAAO,GAAG,CAAC,IAAI,CAAC,EAAC,MAAM,EAAE,KAAK,EAAE,OAAO,EAAE,wBAAwB,EAAC,CAAC,CAAC;IACxE,CAAC;IAED,sBAAG,CAAC,MAAM,CAAC,KAAK,EAAE,OAAO,EAAE,CAAC,GAAG,EAAE,OAAO,EAAE,EAAE;QACxC,IAAI,GAAG,EAAE,CAAC;YACN,OAAO,GAAG,CAAC,IAAI,CAAC,EAAC,MAAM,EAAE,KAAK,EAAE,OAAO,EAAE,uCAAuC,EAAC,CAAC,CAAC;QACvF,CAAC;QACA,GAAW,CAAC,MAAM,GAAI,OAAe,CAAC,MAAM,CAAC;QAC9C,IAAI,EAAE,CAAC;IACX,CAAC,CAAC,CAAC;AACP,CAAC,CAAC;AAfW,QAAA,IAAI,QAef","sourcesContent":["import jwt from 'jsonwebtoken';\r\nimport { Request, Response, NextFunction } from 'express';\r\n\r\nconst JWT_KEY = process.env.JWT_KEY || 'SECRET';\r\n\r\nexport const Auth = (req: Request, res: Response, next: NextFunction) => {\r\n    const authHeader = req.headers['authorization'];\r\n    const token = authHeader && authHeader.split(' ')[1];\r\n\r\n    if (!token) {\r\n        return res.json({status: false, message: \"You are not logged in.\"});\r\n    }\r\n\r\n    jwt.verify(token, JWT_KEY, (err, decoded) => {\r\n        if (err) {\r\n            return res.json({status: false, message: \"You are not logged in. Invalid Token.\"});\r\n        }\r\n        (req as any).userId = (decoded as any).userId;\r\n        next();\r\n    });\r\n};"]},"_coverageSchema":"1a1c01bbd47fc00a2c39e90264f33305004495a9","hash":"6003bc1d9a38e96afe23def6fb62a5c6c4889813"},"C:\\server\\ANDELA\\TodoAppFullStack\\TodoApp - Backend\\src\\routes\\todoRoutes.ts":{"path":"C:\\server\\ANDELA\\TodoAppFullStack\\TodoApp - Backend\\src\\routes\\todoRoutes.ts","statementMap":{"0":{"start":{"line":8,"column":22},"end":{"line":10,"column":1}},"1":{"start":{"line":9,"column":4},"end":{"line":9,"column":62}},"2":{"start":{"line":11,"column":0},"end":{"line":11,"column":62}},"3":{"start":{"line":159,"column":18},"end":{"line":159,"column":53}},"4":{"start":{"line":160,"column":26},"end":{"line":160,"column":79}},"5":{"start":{"line":161,"column":22},"end":{"line":161,"column":47}},"6":{"start":{"line":162,"column":19},"end":{"line":162,"column":45}},"7":{"start":{"line":163,"column":0},"end":{"line
[...]
ine":12,"column":61}}],"line":12},"7":{"loc":{"start":{"line":12,"column":12},"end":{"line":12,"column":33}},"type":"binary-expr","locations":[{"start":{"line":12,"column":12},"end":{"line":12,"column":15}},{"start":{"line":12,"column":19},"end":{"line":12,"column":33}}],"line":12}},"s":{"0":1,"1":0,"2":0,"3":0,"4":0,"5":0,"6":0,"7":0,"8":0,"9":0,"10":0,"11":0,"12":1,"13":1,"14":1,"15":1,"16":1,"17":1,"18":0,"19":0,"20":1,"21":1,"22":0,"23":0,"24":1,"25":1,"26":0,"27":0,"28":1,"29":1,"30":0,"31":0,"32":1,"33":1,"34":0,"35":0,"36":1},"f":{"0":0,"1":0,"2":0,"3":0,"4":0,"5":0,"6":0,"7":1,"8":0,"9":0,"10":0,"11":0,"12":0,"13":0,"14":0,"15":0,"16":0,"17":0},"b":{"0":[1,1,1],"1":[0,0],"2":[0,0],"3":[0,0],"4":[0,0],"5":[1,1,1],"6":[1,0],"7":[1,1]},"inputSourceMap":{"version":3,"file":"C:/server/ANDELA/TodoAppFullStack/TodoApp - Backend/src/modules/todo/repository/todoRepository.ts","sources":["C:/server/ANDELA/TodoAppFullStack/TodoApp - Backend/src/modules/todo/repository/todoRepository.ts"],"names":[],"mappings":";;;;;;;;;;;;;;;AAAA,yEAAiD;AAEjD,MAAM,UAAU,GAAG,CAAO,IAAS,EAAE,EAAE;IACnC,OAAO,MAAM,cAAI,CAAC,MAAM,CAAC,IAAI,CAAC,CAAC;AACnC,CAAC,CAAA,CAAA;AAmBG,gCAAU;AAjBd,MAAM,QAAQ,GAAG,CAAO,MAAc,EAAE,EAAE;IACtC,OAAO,MAAM,cAAI,CAAC,IAAI,CAAC,EAAC,MAAM,EAAC,CAAC,CAAA;AACpC,CAAC,CAAA,CAAA;AAgBG,4BAAQ;AAdZ,MAAM,YAAY,GAAG,CAAO,EAAU,EAAE,EAAE;IACtC,OAAO,MAAM,cAAI,CAAC,OAAO,CAAC,EAAC,GAAG,EAAE,EAAE,EAAC,CAAC,CAAC;AACzC,CAAC,CAAA,CAAA;AAaG,oCAAY;AAXhB,MAAM,cAAc,GAAG,CAAO,EAAU,EAAE,EAAE;IACxC,OAAO,MAAM,cAAI,CAAC,SAAS,CAAC,EAAC,GAAG,EAAE,EAAE,EAAC,CAAC,CAAC;AAC3C,CAAC,CAAA,CAAA;AAUG,wCAAc;AARlB,MAAM,cAAc,GAAG,CAAO,EAAU,EAAE,IAAS,EAAE,EAAE;IACnD,OAAO,MAAM,cAAI,CAAC,SAAS,CAAC,EAAC,GAAG,EAAE,EAAE,EAAC,EAAE,IAAI,CAAC,CAAA;AAChD,CAAC,CAAA,CAAA;AAOG,wCAAc","sourcesContent":["import Todo from \"../../../database/models/Todo\";\r\n\r\nconst createTodo = async (body: any) => {\r\n    return await Todo.create(body);\r\n}\r\n\r\nconst getTodos = async (userId: string) => {\r\n    return await Todo.find({userId})\r\n}\r\n\r\nconst findTodoById = async (id: string) => {\r\n    return await Todo.findOne({_id: id});\r\n}\r\n\r\nconst deleteTodoById = async (id: string) => {\r\n    return await Todo.deleteOne({_id: id});\r\n}\r\n\r\nconst updateTodoById = async (id: string, data: any) => {\r\n    return await Todo.updateOne({_id: id}, data)\r\n}\r\n\r\nexport {\r\n    createTodo,\r\n    getTodos,\r\n    findTodoById,\r\n    deleteTodoById,\r\n    updateTodoById,\r\n}"]},"_coverageSchema":"1a1c01bbd47fc00a2c39e90264f33305004495a9","hash":"0de0bb5bb9592591fee1188194e64a5ebda87913"},"C:\\server\\ANDELA\\TodoAppFullStack\\TodoApp - Backend\\src\\modules\\users\\test\\user.spec.ts":{"path":"C:\\server\\ANDELA\\TodoAppFullStack\\TodoApp - Backend\\src\\modules\\users\\test\\user.spec.ts","statementMap":{"0":{"start":{"line":2,"column":22},"end":{"line":12,"column":3}},"1":{"start":{"line":3,"column":4},"end":{"line":3,"column":33}},"2":{"start":{"line":3,"column":26},"end":{"line":3,"column":33}},"3":{"start":{"line":4,"column":15},"end":{"line":4,"column":52}},"4":{"start":{"line":5,"column":4},"end":{"line":7,"column":5}},"5":{"start":{"line":6,"column":6},"end":{"line":6,"column":68}},"6":{"start":{"line":6,"column":51},"end":{"line":6,"column":63}},"7":{"start":{"line":8,"column":4},"end":{"line":8,"column":39}},"8":{"start":{"line":10,"column":4},"end":{"line":10,"column":33}},"9":{"start":{"line":10,"column":26},"end":{"line":10,"column":33}},"10":{"start":{"line":11,"column":4},"end":{"line":11,"column":17}},"11":{"start":{"line":13,"column":25},"end":{"line":17,"column":2}},"12":{"start":{"line":14,"column":4},"end":{"line":14,"column":72}},"13":{"start":{"line":16,"column":4},"end":{"line":16,"column":21}},"14":{"start":{"line":18,"column":19},"end":{"line":24,"column":1}},"15":{"start":{"line":19,"column":4},"end":{"line":19,"column":42}},"16":{"start":{"line":19,"column":31},"end":{"line":19,"column":42}},"17":{"start":{"line":20,"column":17},"end":{"line":20,"column":19}},"18":{"start":{"line":21,"column":4},"end":{"line":21,"column":141}},"19":{"start":{"line":21,"column":21},"end":{"line":21,"column":141}},"20":{"start":{"line":21,"column":40},"end":{"line":21,"column":141}},"21":{"start":{"line":21,"column":109},"end":{"line":21,"column":141}},"22":{"start":{"line":22,"column":4},"end":{"line":22,"column":36}},"23":{"start":{"line":23,"column":4},"end":{"line":23,"column":18}},"24":{"start":{"line":25,"column":22},"end":{"line":27,"column":1}},"25":{"start":{"line":26,"column":4},"end":{"line":26,"column":62}},"26":{"start":{"line":28,"column":0},"end":{"line":28,"column":62}},"27":{"start":{"line":29,"column":16},"end":{"line":29,"column":58}},"28":{"start":{"line":30,"column":20},"end":{"line":30,"column":57}},"29":{"start":{"line":31,"column":15},"end":{"line":31,"column":44}},"30":{"start":{"line":32,"column":0},"end":{"line":32,"column":40}},"31":{"start":{"line":33,"column":15},"end":{"line":33,"column":60}},"32":{"start":{"line":33,"column":21},"end":{"line":33,"column":60}},"33":{"start":{"line":34,"column":0},"end":{"line":84,"column":3}},"34":{"start":{"line":35,"column":4},"end":{"line":50,"column":7}},"35":{"start":{"line":36,"column":8},"end":{"line":49,"column":11}},"36":{"start":{"line":44,"column":12},"end":{"line":44,"column":64}},"37":{"start":{"line":45,"column":12},"end":{"line":45,"column":73}},"38":{"start":{"line":46,"column":12},"end":{"line":46,"column":74}},"39":{"start":{"line":47,"column":12},"end":{"line":47,"column":68}},"40":{"start":{"line":48,"column":12},"end":{"line":48,"column":24}},"41":{"start":{"line":51,"column":4},"end":{"line":67,"column":7}},"42":{"start":{"line":52,"column":8},"end":{"line":66,"column":11}},"43":{"start":{"line":60,"column":12},"end":{"line":60,"column":64}},"44":{"start":{"line":61,"column":12},"end":{"line":61,"column":73}},"45":{"start":{"line":62,"column":12},"end":{"line":62,"column":74}},"46":{"start":{"line":63,"column":12},"end":{"line":63,"column":69}},"47":{"start":{"line":64,"column":12},"end":{"line":64,"column":86}},"48":{"start":{"line":65,"column":12},"end":{"line":65,"column":24}},"49":{"start":{"line":68,"column":4},"end":{"line":83,"column":7}},"50":{"start":{"line":69,"column":8},"end":{"line":82,"column":11}},"51":{"start":{"line":76,"column":12},"end":{"line":76,"column":64}},"52":{"start":{"line":77,"column":12},"end":{"line":77,"column":73}},"53":{"start":{"line":78,"column":12},"end":{"line":78,"column":74}},"54":{"start":{"line":79,"column":12},"end":{"line":79,"column":69}},"55":{"start":{"line":80,"column":12},"end":{"line":80,"column":86}},"56":{"start":{"line":81,"column":12},"end":{"line":81,"column":24}}},"fnMap":{"0":{"name":"(anonymous_0)","decl":{"start":{"line":2,"column":74},"end":{"line":2,"column":75}},"loc":{"start":{"line":2,"column":96},"end":{"line":9,"column":1}},"line":2},"1":{"name":"(anonymous_1)","decl":{"start":{"line":6,"column":38},"end":{"line":6,"column":39}},"loc":{"start":{"line":6,"column":49},"end":{"line":6,"column":65}},"line":6},"2":{"name":"(anonymous_2)","decl":{"start":{"line":9,"column":6},"end":{"line":9,"column":7}},"loc":{"start":{"line":9,"column":28},"end":{"line":12,"column":1}},"line":9},"3":{"name":"(anonymous_3)","decl":{"start":{"line":13,"column":80},"end":{"line":13,"column":81}},"loc":{"start":{"line":13,"column":95},"end":{"line":15,"column":1}},"line":13},"4":{"name":"(anonymous_4)","decl":{"start":{"line":15,"column":5},"end":{"line":15,"column":6}},"loc":{"start":{"line":15,"column":20},"end":{"line":17,"column":1}},"line":15},"5":{"name":"(anonymous_5)","decl":{"start":{"line":18,"column":50},"end":{"line":18,"column":51}},"loc":{"start":{"line":18,"column":65},"end":{"line":24,"column":1}},"line":18},"6":{"name":"(anonymous_6)","decl":{"start":{"line":25,"column":56},"end":{"line":25,"column":57}},"loc":{"start":{"line":25,"column":71},"end":{"line":27,"column":1}},"line":25},"7":{"name":"(anonymous_7)","decl":{"start":{"line":33,"column":15},"end":{"line":33,"column":16}},"loc":{"start":{"line":33,"column":21},"end":{"line":33,"column":60}},"line":33},"8":{"name":"(anonymous_8)","decl":{"start":{"line":34,"column":28},"end":{"line":34,"column":29}},"loc":{"start":{"line":34,"column":34},"end":{"line":84,"column":1}},"line":34},"9":{"name":"(anonymous_9)","decl":{"start":{"line":35,"column":43},"end":{"line":35,"column":44}},"loc":{"start":{"line":35,"column":53},"end":{"line":50,"column":5}},"line":35},"10":{"name":"(anonymous_10)","decl":{"start":{"line":43,"column":17},"end":{"line":43,"column":18}},"loc":{"start":{"line":43,"column":38},"end":{"line":49,"column":9}},"line":43},"11":{"name":"(anonymous_11)","decl":{"start":{"line":51,"column":41},"end":{"line":51,"column":42}},"loc":{"start":{"line":51,"column":51},"end":{"line":67,"column":5}},"line":51},"12":{"name":"(anonymous_12)","decl":{"start":{"line":59,"column":17},"end":{"line":59,"column":18}},"loc":{"start":{"line":59,"column":38},"end":{"line":66,"column":9}},"line":59},"13":{"name":"(anonymous_13)","decl":{"start":{"line":68,"column":68},"end":{"line":68,"column":69}},"loc":{"start":{"line":68,"column":78},"end":{"line":83,"column":5}},"line":68},"14":{"name":"(anonymous_14)","decl":{"start":{"line":75,"column":17},"end":{"line":75,"column":18}},"loc":{"start":{"line":75,"column":38},"end":{"line":82,"column":9}},"line":75}},"branchMap":{"0":{"loc":{"start":{"line":2,"column":22},"end":{"line":12,"column":3}},"type":"binary-expr","locations":[{"start":{"line":2,"column":23},"end":{"line":2,"column":27}},{"start":{"line":2,"column":31},"end":{"line":2,"column":51}},{"start":{"line":2,"column":57},"end":{"line":12,"column":2}}],"line":2},"1":{"loc":{"start":{"line":2,"column":57},"end":{"line":12,"column":2}},"type":"cond-expr","locations":[{"start":{"line":2,"column":74},"end":{"line":9,"column":1}},{"start":{"line":9,"column":6},"end":{"line":12,"column":1}}],"line":2},"2":{"loc":{"start":{"line":3,"column":4},"end":{"line":3,"column":33}},"type":"if","locations":[{"start":{"line":3,"column":4},"end":{"line":3,"column":33}},{"start":{"line":3,"column":4},"end":{"line":3,"column":33}}],"line":3},"3":{"loc":{"start":{"line":5,"column":4},"end":{"line":7,"column":5}},"type":"if","locations":[{"start":{"line":5,"column":4},"end":{"line":7,"column":5}},{"start":{"line":5,"column":4},"end":{"line":7,"column":5}}],"line":5},"4":{"loc":{"start":{"line":5,"column":8},"end":{"line":5,"column":85}},"type":"binary-expr","locations":[{"start":{"line":5,"column":8},"end":{"line":5,"column":13}},{"start":{"line":5,"column":18},"end":{"line":5,"column":84}}],"line":5},"5":{"loc":{"start":{"line":5,"column":18},"end":{"line":5,"column":84}},"type":"cond-expr","locations":[{"start":{"line":5,"column":34},"end":{"line":5,"column":47}},{"start":{"line":5,"column":50},"end":{"line":5,"column":84}}],"line":5},"6":{"loc":{"start":{"line":5,"column":50},"end":{"line":5,"column":84}},"type":"binary-expr","locations":[{"start":{"line":5,"column":50},"end":{"line":5,"column":63}},{"start":{"line":5,"column":67},"end":{"line":5,"column":84}}],"line":5},"7":{"loc":{"start":{"line":10,"column":4},"end":{"line":10,"column":33}},"type":"if","locations":[{"start":{"line":10,"column":4},"end":{"line":10,"column":33}},{"start":{"line":10,"column":4},"end":{"line":10,"column":33}}],"line":10},"8":{"loc":{"start":{"line":13,"column":25},"end":{"line":17,"column":2}},"type":"binary-expr","locations":[{"start":{"line":13,"column":26},"end":{"line":13,"column":30}},{"start":{"line":13,"column":34},"end":{"line":13,"column":57}},{"start":{"line":13,"column":63},"end":{"line":17,"column":1}}],"line":13},"9":{"loc":{"start":{"line":13,"column":63},"end":{"line":17,"column":1}},"type":"cond-expr","locations":[{"start":{"line":13,"column":80},"end":{"line":15,"column":1}},{"start":{"line":15,"column":5},"end":{"line":17,"column":1}}],"line":13},"10":{"loc":{"start":{"line":18,"column":19},"end":{"line":24,"column":1}},"type":"binary-expr","locations":[{"start":{"line":18,"column":20},"end":{"line":18,"column":24}},{"start":{"line":18,"column":28},"end":{"line":18,"column":45}},{"start":{"line":18,"column":50},"end":{"line":24,"column":1}}],"line":18},"11":{"loc":{"start":{"line":19,"column":4},"end":{"line":19,"column":42}},"type":"if","locations":[{"start":{"line":19,"column":4},"end":{"line":19,"column":42}},{"start":{"line":19,"column":4},"end":{"line":19,"column":42}}],"line":19},"12":{"loc":{"start":{"line":19,"column":8},"end":{"line":19,"column":29}},"type":"binary-expr","locations":[{"start":{"line":19,"column":8},"end":{"line":19,"column":11}},{"start":{"line":19,"column":15},"end":{"line":19,"column":29}}],"line":19},"13":{"loc":{"start":{"line":21,"column":4},"end":{"line":21,"column":141}},"type":"if","locations":[{"start":{"line":21,"column":4},"end":{"line":21,"column":141}},{"start":{"line":21,"column":4},"end":{"line":21,"column":141}}],"line":21},"14":{"loc":{"start":{"line":21,"column":40},"end":{"line":21,"column":141}},"type":"if","locations":[{"start":{"line":21,"column":40},"end":{"line":21,"column":141}},{"start":{"line":21,"column":40},"end":{"line":21,"column":141}}],"line":21},"15":{"loc":{"start":{"line":21,"column":44},"end":{"line":21,"column":107}},"type":"binary-expr","locations":[{"start":{"line":21,"column":44},"end":{"line":21,"column":59}},{"start":{"line":21,"column":63},"end":{"line":21,"column":107}}],"line":21},"16":{"loc":{"start":{"line":25,"column":22},"end":{"line":27,"column":1}},"type":"binary-expr","locations":[{"start":{"line":25,"column":23},"end":{"line":25,"column":27}},{"start":{"line":25,"column":31},"end":{"line":25,"column":51}},{"start":{"line":25,"column":56},"end":{"line":27,"column":1}}],"line":25},"17":{"loc":{"start":{"line":26,"column":11},"end":{"line":26,"column":61}},"type":"cond-expr","locations":[{"start":{"line":26,"column":37},"end":{"line":26,"column":40}},{"start":{"line":26,"column":43},"end":{"line":26,"column":61}}],"line":26},"18":{"loc":{"start":{"line":26,"column":12},"end":{"line":26,"column":33}},"type":"binary-expr","locations":[{"start":{"line":26,"column":12},"end":{"line":26,"column":15}},{"start":{"line":26,"column":19},"end":{"line":26,"column":33}}],"line":26}},"s":{"0":1,"1":11,"2":11,"3":11,"4":11,"5":11,"6":14,"7":11,"8":0,"9":0,"10":0,"11":1,"12":1,"13":0,"14":1,"15":1,"16":0,"17":1,"18":1,"19":1,"20":11,"21":11,"22":1,"23":1,"24":1,"25":2,"26":1,"27":1,"28":1,"29":1,"30":1,"31":1,"32":3,"33":1,"34":1,"35":1,"36":1,"37":1,"38":1,"39":1,"40":0,"41":1,"42":1,"43":1,"44":1,"45":1,"46":1,"47":1,"48":1,"49":1,"50":1,"51":1,"52":1,"53":1,"54":1,"55":1,"56":1},"f":{"0":11,"1":14,"2":0,"3":1,"4":0,"5":1,"6":2,"7":3,"8":1,"9":1,"10":1,"11":1,"12":1,"13":1,"14":1},"b":{"0":[1,1,1],"1":[1,0],"2":[11,0],"3":[11,0],"4":[11,11],"5":[0,11],"6":[11,0],"7":[0,0],"8":[1,1,1],"9":[1,0],"10":[1,1,1],"11":[0,1],"12":[1,1],"13":[1,0],"14":[11,0],"15":[11,11],"16":[1,1,1],"17":[1,1],"18":[2,2]},"inputSourceMap":{"version":3,"file":"C:/server/ANDELA/TodoAppFullStack/TodoApp - Backend/src/modules/users/test/user.spec.ts","sources":["C:/server/ANDELA/TodoAppFullStack/TodoApp - Backend/src/modules/users/test/user.spec.ts"],"names":[],"mappings":";;;;;;;;;;;;;;;;;;;;;;;;;;;;AAAA,2DAAiC;AACjC,0DAAiC;AACjC,6CAAoC;AAEpC,cAAI,CAAC,GAAG,CAAC,mBAAQ,CAAC,CAAC;AACnB,MAAM,MAAM,GAAG,GAAG,EAAE,CAAC,cAAI,CAAC,OAAO,CAAC,eAAG,CAAC,CAAC;AAEvC,QAAQ,CAAC,iBAAiB,EAAE,GAAG,EAAE;IAE7B,EAAE,CAAC,kCAAkC,EAAE,CAAC,IAAI,EAAE,EAAE;QAC9C,MAAM,EAAE;aACL,IAAI,CAAC,oBAAoB,CAAC;aAC1B,IAAI,CAAC;YACJ,IAAI,EAAE,cAAc;YACpB,KAAK,EAAE,qBAAqB;YAC5B,QAAQ,EAAE,kBAAkB;SAC7B,CAAC;aACD,GAAG,CAAC,CAAC,KAAK,EAAE,QAAQ,EAAE,EAAE;YACvB,IAAA,aAAM,EAAC,QAAQ,CAAC,IAAI,CAAC,CAAC,EAAE,CAAC,EAAE,CAAC,CAAC,CAAC,QAAQ,CAAC,CAAC;YACxC,IAAA,aAAM,EAAC,QAAQ,CAAC,IAAI,CAAC,CAAC,EAAE,CAAC,IAAI,CAAC,QAAQ,CAAC,QAAQ,CAAC,CAAC;YACjD,IAAA,aAAM,EAAC,QAAQ,CAAC,IAAI,CAAC,CAAC,EAAE,CAAC,IAAI,CAAC,QAAQ,CAAC,SAAS,CAAC,CAAC;YAClD,IAAA,aAAM,EAAC,QAAQ,CAAC,IAAI,CAAC,MAAM,CAAC,CAAC,EAAE,CAAC,KAAK,CAAC,IAAI,CAAC,CAAC;YAC5C,IAAI,CAAC,KAAK,CAAC,CAAC;QACd,CAAC,CAAC,CAAC;IACP,CAAC,CAAC,CAAC;IAEH,EAAE,CAAC,gCAAgC,EAAE,CAAC,IAAI,EAAE,EAAE;QAC5C,MAAM,EAAE;aACL,IAAI,CAAC,oBAAoB,CAAC;aAC1B,IAAI,CAAC;YACJ,IAAI,EAAE,cAAc;YACpB,KAAK,EAAE,qBAAqB;YAC5B,QAAQ,EAAE,kBAAkB;SAC7B,CAAC;aACD,GAAG,CAAC,CAAC,KAAK,EAAE,QAAQ,EAAE,EAAE;YACvB,IAAA,aAAM,EAAC,QAAQ,CAAC,IAAI,CAAC,CAAC,EAAE,CAAC,EAAE,CAAC,CAAC,CAAC,QAAQ,CAAC,CAAC;YACxC,IAAA,aAAM,EAAC,QAAQ,CAAC,IAAI,CAAC,CAAC,EAAE,CAAC,IAAI,CAAC,QAAQ,CAAC,QAAQ,CAAC,CAAC;YACjD,IAAA,aAAM,EAAC,QAAQ,CAAC,IAAI,CAAC,CAAC,EAAE,CAAC,IAAI,CAAC,QAAQ,CAAC,SAAS,CAAC,CAAC;YAClD,IAAA,aAAM,EAAC,QAAQ,CAAC,IAAI,CAAC,MAAM,CAAC,CAAC,EAAE,CAAC,KAAK,CAAC,KAAK,CAAC,CAAC;YAC7C,IAAA,aAAM,EAAC,QAAQ,CAAC,IAAI,CAAC,OAAO,CAAC,CAAC,EAAE,CAAC,KAAK,CAAC,qBAAqB,CAAC,CAAC;YAC9D,IAAI,CAAC,KAAK,CAAC,CAAC;QACd,CAAC,CAAC,CAAC;IACP,CAAC,CAAC,CAAC;IAEH,EAAE,CAAC,2DAA2D,EAAE,CAAC,IAAI,EAAE,EAAE;QACvE,MAAM,EAAE;aACL,IAAI,CAAC,iBAAiB,CAAC;aACvB,IAAI,CAAC;YACJ,KAAK,EAAE,gBAAgB;YACvB,QAAQ,EAAE,cAAc;SACzB,CAAC;aACD,GAAG,CAAC,CAAC,KAAK,EAAE,QAAQ,EAAE,EAAE;YACvB,IAAA,aAAM,EAAC,QAAQ,CAAC,IAAI,CAAC,CAAC,EAAE,CAAC,EAAE,CAAC,CAAC,CAAC,QAAQ,CAAC,CAAC;YACxC,IAAA,aAAM,EAAC,QAAQ,CAAC,IAAI,CAAC,CAAC,EAAE,CAAC,IAAI,CAAC,QAAQ,CAAC,QAAQ,CAAC,CAAC;YACjD,IAAA,aAAM,EAAC,QAAQ,CAAC,IAAI,CAAC,CAAC,EAAE,CAAC,IAAI,CAAC,QAAQ,CAAC,SAAS,CAAC,CAAC;YAClD,IAAA,aAAM,EAAC,QAAQ,CAAC,IAAI,CAAC,MAAM,CAAC,CAAC,EAAE,CAAC,KAAK,CAAC,KAAK,CAAC,CAAA;YAC5C,IAAA,aAAM,EAAC,QAAQ,CAAC,IAAI,CAAC,OAAO,CAAC,CAAC,EAAE,CAAC,KAAK,CAAC,qBAAqB,CAAC,CAAA;YAC7D,IAAI,CAAC,KAAK,CAAC,CAAC;QACd,CAAC,CAAC,CAAC;IACP,CAAC,CAAC,CAAC;AAEL,CAAC,CAAC,CAAC","sourcesContent":["import app from \"../../../index\";\r\nimport chaiHttp from \"chai-http\";\r\nimport chai, { expect } from \"chai\";\r\n\r\nchai.use(chaiHttp);\r\nconst router = () => chai.request(app);\r\n\r\ndescribe(\"User Test Cases\", () => {\r\n\r\n    it(\"Should be able register new user\", (done) => {\r\n      router()\r\n        .post(\"/api/user/register\")\r\n        .send({\r\n          name: \"TestingUser1\",\r\n          email: \"testuser1@gmail.com\",\r\n          password: \"PasswordForUser1\",\r\n        })\r\n        .end((error, response) => {\r\n          expect(response.body).to.be.a(\"object\");\r\n          expect(response.body).to.have.property(\"status\");\r\n          expect(response.body).to.have.property(\"message\");\r\n          expect(response.body.status).to.equal(true);\r\n          done(error);\r\n        });\r\n    });\r\n  \r\n    it(\"Should not add same user twice\", (done) => {\r\n      router()\r\n        .post(\"/api/user/register\")\r\n        .send({\r\n          name: \"TestingUser1\",\r\n          email: \"testuser1@gmail.com\",\r\n          password: \"PasswordForUser1\",\r\n        })\r\n        .end((error, response) => {\r\n          expect(response.body).to.be.a(\"object\");\r\n          expect(response.body).to.have.property(\"status\");\r\n          expect(response.body).to.have.property(\"message\");\r\n          expect(response.body.status).to.equal(false);\r\n          expect(response.body.message).to.equal(\"User already exist.\");\r\n          done(error);\r\n        });\r\n    });\r\n  \r\n    it(\"User should not be able to login with invalid credentials\", (done) => {\r\n      router()\r\n        .post(\"/api/user/login\")\r\n        .send({\r\n          email: \"fake@gmail.com\",\r\n          password: \"fakePassword\"\r\n        })\r\n        .end((error, response) => {\r\n          expect(response.body).to.be.a(\"object\");\r\n          expect(response.body).to.have.property(\"status\");\r\n          expect(response.body).to.have.property(\"message\");\r\n          expect(response.body.status).to.equal(false)\r\n          expect(response.body.message).to.equal(\"Invalid credentials\")\r\n          done(error);\r\n        });\r\n    });\r\n  \r\n  });"]},"_coverageSchema":"1a1c01bbd47fc00a2c39e90264f33305004495a9","hash":"18c1de9b1c5d3d2b6b152548e9c423c33cd85b61"}}