TN:
SF:src\index.ts
FN:16,(anonymous_1)
FN:20,(anonymous_2)
FN:24,(anonymous_3)
FNF:3
FNH:1
FNDA:0,(anonymous_1)
FNDA:0,(anonymous_2)
FNDA:1,(anonymous_3)
DA:1,1
DA:2,1
DA:3,1
DA:4,1
DA:5,1
DA:6,1
DA:8,1
DA:9,1
DA:10,1
DA:11,1
DA:13,1
DA:14,1
DA:16,1
DA:17,0
DA:20,1
DA:21,0
DA:24,1
DA:25,1
DA:28,1
LF:19
LH:17
BRF:0
BRH:0
end_of_record
TN:
SF:src\middlewares\Auth.ts
FN:6,(anonymous_1)
FN:14,(anonymous_2)
FNF:2
FNH:1
FNDA:2,(anonymous_1)
FNDA:0,(anonymous_2)
DA:1,1
DA:4,1
DA:6,1
DA:7,2
DA:8,2
DA:10,2
DA:11,2
DA:14,0
DA:15,0
DA:16,0
DA:18,0
DA:19,0
LF:12
LH:7
BRDA:4,0,0,1
BRDA:4,0,1,1
BRDA:8,1,0,2
BRDA:8,1,1,0
BRDA:10,2,0,2
BRDA:10,2,1,0
BRDA:15,3,0,0
BRDA:15,3,1,0
BRF:8
BRH:4
end_of_record
TN:
SF:src\middlewares\index.ts
FN:3,(anonymous_0)
FNF:1
FNH:1
FNDA:9,(anonymous_0)
DA:1,1
DA:3,10
LF:2
LH:2
BRF:0
BRH:0
end_of_record
TN:
SF:src\modules\todo\controller\todoControllers.ts
FN:4,(anonymous_7)
FN:4,(anonymous_8)
FN:15,(anonymous_9)
FN:15,(anonymous_10)
FN:20,(anonymous_11)
FN:20,(anonymous_12)
FN:29,(anonymous_13)
FN:29,(anonymous_14)
FN:38,(anonymous_15)
FN:38,(anonymous_16)
FN:47,(anonymous_17)
FN:47,(anonymous_18)
FNF:12
FNH:0
FNDA:0,(anonymous_7)
FNDA:0,(anonymous_8)
FNDA:0,(anonymous_9)
FNDA:0,(anonymous_10)
FNDA:0,(anonymous_11)
FNDA:0,(anonymous_12)
FNDA:0,(anonymous_13)
FNDA:0,(anonymous_14)
FNDA:0,(anonymous_15)
FNDA:0,(anonymous_16)
FNDA:0,(anonymous_17)
FNDA:0,(anonymous_18)
DA:2,1
DA:4,1
DA:5,0
DA:6,0
DA:11,0
DA:12,0
DA:15,1
DA:16,0
DA:17,0
DA:20,1
DA:21,0
DA:22,0
DA:23,0
DA:24,0
DA:25,0
DA:26,0
DA:29,1
DA:30,0
DA:31,0
DA:32,0
DA:33,0
DA:34,0
DA:35,0
DA:38,1
DA:39,0
DA:40,0
DA:41,0
DA:42,0
DA:43,0
DA:44,0
DA:47,1
DA:48,0
DA:49,0
DA:50,0
DA:51,0
DA:52,0
DA:53,0
DA:57,1
DA:58,1
DA:59,1
DA:60,1
DA:61,1
DA:62,1
LF:43
LH:13
BRDA:23,0,0,0
BRDA:23,0,1,0
BRDA:25,1,0,0
BRDA:25,1,1,0
BRDA:32,2,0,0
BRDA:32,2,1,0
BRDA:34,3,0,0
BRDA:34,3,1,0
BRDA:41,4,0,0
BRDA:41,4,1,0
BRDA:43,5,0,0
BRDA:43,5,1,0
BRDA:50,6,0,0
BRDA:50,6,1,0
BRDA:52,7,0,0
BRDA:52,7,1,0
BRF:16
BRH:0
end_of_record
TN:
SF:src\modules\todo\repository\todoRepository.ts
FN:3,(anonymous_8)
FN:3,(anonymous_9)
FN:7,(anonymous_10)
FN:7,(anonymous_11)
FN:11,(anonymous_12)
FN:11,(anonymous_13)
FN:15,(anonymous_14)
FN:15,(anonymous_15)
FN:19,(anonymous_16)
FN:19,(anonymous_17)
FNF:10
FNH:0
FNDA:0,(anonymous_8)
FNDA:0,(anonymous_9)
FNDA:0,(anonymous_10)
FNDA:0,(anonymous_11)
FNDA:0,(anonymous_12)
FNDA:0,(anonymous_13)
FNDA:0,(anonymous_14)
FNDA:0,(anonymous_15)
FNDA:0,(anonymous_16)
FNDA:0,(anonymous_17)
DA:1,1
DA:3,1
DA:4,0
DA:7,1
DA:8,0
DA:11,1
DA:12,0
DA:15,1
DA:16,0
DA:19,1
DA:20,0
DA:24,1
DA:25,1
DA:26,1
DA:27,1
DA:28,1
LF:16
LH:11
BRF:0
BRH:0
end_of_record
TN:
SF:src\modules\todo\test\todo.spec.ts
FN:6,(anonymous_7)
FN:8,(anonymous_8)
FN:10,(anonymous_9)
FN:17,(anonymous_10)
FN:26,(anonymous_11)
FN:29,(anonymous_12)
FNF:6
FNH:6
FNDA:2,(anonymous_7)
FNDA:1,(anonymous_8)
FNDA:1,(anonymous_9)
FNDA:1,(anonymous_10)
FNDA:1,(anonymous_11)
FNDA:1,(anonymous_12)
DA:1,1
DA:2,1
DA:3,1
DA:5,1
DA:6,2
DA:8,1
DA:10,1
DA:11,1
DA:18,1
DA:19,1
DA:20,1
DA:21,1
DA:22,1
DA:26,1
DA:27,1
DA:30,1
DA:31,1
DA:32,1
DA:33,1
LF:19
LH:19
BRF:0
BRH:0
end_of_record
TN:
SF:src\modules\users\controller\userControllers.ts
FN:5,(anonymous_7)
FN:5,(anonymous_8)
FN:19,(anonymous_9)
FN:19,(anonymous_10)
FN:23,(anonymous_11)
FN:23,(anonymous_12)
FN:29,(anonymous_13)
FN:29,(anonymous_14)
FN:39,(anonymous_15)
FN:39,(anonymous_16)
FN:48,(anonymous_17)
FN:48,(anonymous_18)
FNF:12
FNH:4
FNDA:2,(anonymous_7)
FNDA:2,(anonymous_8)
FNDA:0,(anonymous_9)
FNDA:0,(anonymous_10)
FNDA:0,(anonymous_11)
FNDA:0,(anonymous_12)
FNDA:1,(anonymous_13)
FNDA:1,(anonymous_14)
FNDA:0,(anonymous_15)
FNDA:0,(anonymous_16)
FNDA:0,(anonymous_17)
FNDA:0,(anonymous_18)
DA:2,1
DA:3,1
DA:5,2
DA:6,2
DA:7,2
DA:8,2
DA:9,0
DA:10,0
DA:15,0
DA:16,0
DA:19,1
DA:20,0
DA:23,1
DA:24,0
DA:25,0
DA:26,0
DA:29,1
DA:30,1
DA:31,1
DA:32,1
DA:33,0
DA:34,0
DA:35,0
DA:36,0
DA:39,1
DA:40,0
DA:41,0
DA:42,0
DA:43,0
DA:44,0
DA:45,0
DA:48,1
DA:49,0
DA:50,0
DA:51,0
DA:52,0
DA:53,0
DA:54,0
DA:58,1
DA:59,1
DA:60,1
DA:61,1
DA:62,1
DA:63,1
LF:44
LH:20
BRDA:8,0,0,2
BRDA:8,0,1,0
BRDA:25,1,0,0
BRDA:25,1,1,0
BRDA:32,2,0,1
BRDA:32,2,1,0
BRDA:34,3,0,0
BRDA:34,3,1,0
BRDA:42,4,0,0
BRDA:42,4,1,0
BRDA:44,5,0,0
BRDA:44,5,1,0
BRDA:51,6,0,0
BRDA:51,6,1,0
BRDA:53,7,0,0
BRDA:53,7,1,0
BRF:16
BRH:2
end_of_record
TN:
SF:src\modules\users\repository\userRepository.ts
FN:4,(anonymous_8)
FN:4,(anonymous_9)
FN:8,(anonymous_10)
FN:8,(anonymous_11)
FN:12,(anonymous_12)
FN:12,(anonymous_13)
FN:16,(anonymous_14)
FN:16,(anonymous_15)
FN:20,(anonymous_16)
FN:20,(anonymous_17)
FN:24,(anonymous_18)
FN:24,(anonymous_19)
FN:28,(anonymous_20)
FN:28,(anonymous_21)
FNF:14
FNH:2
FNDA:0,(anonymous_8)
FNDA:0,(anonymous_9)
FNDA:0,(anonymous_10)
FNDA:0,(anonymous_11)
FNDA:0,(anonymous_12)
FNDA:0,(anonymous_13)
FNDA:3,(anonymous_14)
FNDA:3,(anonymous_15)
FNDA:0,(anonymous_16)
FNDA:0,(anonymous_17)
FNDA:0,(anonymous_18)
FNDA:0,(anonymous_19)
FNDA:0,(anonymous_20)
FNDA:0,(anonymous_21)
DA:1,1
DA:4,1
DA:5,0
DA:8,1
DA:9,0
DA:12,1
DA:13,0
DA:16,3
DA:17,3
DA:20,1
DA:21,0
DA:24,1
DA:25,0
DA:28,1
DA:29,0
DA:33,1
DA:34,1
DA:35,1
DA:36,1
DA:37,1
DA:38,1
DA:39,1
LF:22
LH:16
BRF:0
BRH:0
end_of_record
TN:
SF:src\modules\users\test\user.spec.ts
FN:6,(anonymous_7)
FN:8,(anonymous_8)
FN:10,(anonymous_9)
FN:18,(anonymous_10)
FN:27,(anonymous_11)
FN:35,(anonymous_12)
FN:45,(anonymous_13)
FN:52,(anonymous_14)
FNF:8
FNH:8
FNDA:3,(anonymous_7)
FNDA:1,(anonymous_8)
FNDA:1,(anonymous_9)
FNDA:1,(anonymous_10)
FNDA:1,(anonymous_11)
FNDA:1,(anonymous_12)
FNDA:1,(anonymous_13)
FNDA:1,(anonymous_14)
DA:1,1
DA:2,1
DA:3,1
DA:5,1
DA:6,3
DA:8,1
DA:10,1
DA:11,1
DA:19,1
DA:20,1
DA:21,1
DA:22,1
DA:23,0
DA:27,1
DA:28,1
DA:36,1
DA:37,1
DA:38,1
DA:39,1
DA:40,1
DA:41,1
DA:45,1
DA:46,1
DA:53,1
DA:54,1
DA:55,1
DA:56,1
DA:57,1
DA:58,1
LF:29
LH:28
BRF:0
BRH:0
end_of_record
TN:
SF:src\routes\index.ts
FNF:0
FNH:0
DA:1,1
DA:2,1
DA:3,1
DA:5,1
DA:7,1
DA:8,1
DA:10,1
LF:7
LH:7
BRF:0
BRH:0
end_of_record
TN:
SF:src\routes\todoRoutes.ts
FNF:0
FNH:0
DA:161,1
DA:162,1
DA:163,1
DA:164,1
DA:166,1
DA:167,1
DA:168,1
DA:169,1
DA:170,1
DA:171,1
DA:173,1
LF:11
LH:11
BRF:0
BRH:0
end_of_record
TN:
SF:src\routes\usersRoutes.ts
FNF:0
FNH:0
DA:140,1
DA:141,1
DA:142,1
DA:143,1
DA:145,1
DA:147,1
DA:148,1
DA:149,1
DA:150,1
DA:151,1
DA:152,1
DA:154,1
LF:12
LH:12
BRF:0
BRH:0
end_of_record
TN:
SF:src\utils\index.ts
FN:13,(anonymous_1)
FN:14,(anonymous_2)
FN:6,(anonymous_3)
FNF:3
FNH:0
FNDA:0,(anonymous_1)
FNDA:0,(anonymous_2)
FNDA:0,(anonymous_3)
DA:1,1
DA:2,1
DA:4,1
DA:6,1
DA:7,0
DA:8,0
DA:12,1
DA:13,1
DA:14,1
LF:9
LH:7
BRDA:4,0,0,1
BRDA:4,0,1,1
BRF:2
BRH:2
end_of_record
TN:
SF:src\utils\passwordUtils.ts
FN:3,(anonymous_8)
FN:3,(anonymous_9)
FN:7,(anonymous_10)
FN:7,(anonymous_11)
FNF:4
FNH:0
FNDA:0,(anonymous_8)
FNDA:0,(anonymous_9)
FNDA:0,(anonymous_10)
FNDA:0,(anonymous_11)
DA:1,1
DA:3,1
DA:4,0
DA:7,1
DA:8,0
DA:12,1
DA:13,1
LF:7
LH:5
BRF:0
BRH:0
end_of_record
