TN:
SF:src\middlewares\Auth.ts
FN:6,(anonymous_1)
FN:14,(anonymous_2)
FNF:2
FNH:2
FNDA:12,(anonymous_1)
FNDA:10,(anonymous_2)
DA:1,1
DA:4,1
DA:6,1
DA:7,12
DA:8,12
DA:10,12
DA:11,2
DA:14,10
DA:15,10
DA:16,0
DA:18,10
DA:19,10
LF:12
LH:11
BRDA:4,0,0,1
BRDA:4,0,1,1
BRDA:8,1,0,12
BRDA:8,1,1,10
BRDA:10,2,0,2
BRDA:10,2,1,10
BRDA:15,3,0,0
BRDA:15,3,1,10
BRF:8
BRH:7
end_of_record
TN:
SF:src\middlewares\index.ts
FN:3,(anonymous_0)
FNF:1
FNH:1
FNDA:9,(anonymous_0)
DA:1,1
DA:3,10
LF:2
LH:2
BRF:0
BRH:0
end_of_record
TN:
SF:src\modules\todo\controller\todoControllers.ts
FN:4,(anonymous_7)
FN:4,(anonymous_8)
FN:15,(anonymous_9)
FN:15,(anonymous_10)
FN:20,(anonymous_11)
FN:20,(anonymous_12)
FN:29,(anonymous_13)
FN:29,(anonymous_14)
FN:38,(anonymous_15)
FN:38,(anonymous_16)
FN:47,(anonymous_17)
FN:47,(anonymous_18)
FNF:12
FNH:12
FNDA:1,(anonymous_7)
FNDA:1,(anonymous_8)
FNDA:1,(anonymous_9)
FNDA:1,(anonymous_10)
FNDA:1,(anonymous_11)
FNDA:1,(anonymous_12)
FNDA:1,(anonymous_13)
FNDA:1,(anonymous_14)
FNDA:1,(anonymous_15)
FNDA:1,(anonymous_16)
FNDA:1,(anonymous_17)
FNDA:1,(anonymous_18)
DA:2,1
DA:4,1
DA:5,1
DA:6,1
DA:11,1
DA:12,1
DA:15,1
DA:16,1
DA:17,1
DA:20,1
DA:21,1
DA:22,1
DA:23,1
DA:24,1
DA:25,1
DA:26,1
DA:29,1
DA:30,1
DA:31,1
DA:32,1
DA:33,1
DA:34,1
DA:35,0
DA:38,1
DA:39,1
DA:40,1
DA:41,1
DA:42,1
DA:43,1
DA:44,0
DA:47,1
DA:48,1
DA:49,1
DA:50,1
DA:51,1
DA:52,1
DA:53,0
DA:57,1
DA:58,1
DA:59,1
DA:60,1
DA:61,1
DA:62,1
LF:43
LH:40
BRDA:23,0,0,0
BRDA:23,0,1,1
BRDA:25,1,0,0
BRDA:25,1,1,1
BRDA:32,2,0,0
BRDA:32,2,1,1
BRDA:34,3,0,1
BRDA:34,3,1,0
BRDA:41,4,0,0
BRDA:41,4,1,1
BRDA:43,5,0,1
BRDA:43,5,1,0
BRDA:50,6,0,0
BRDA:50,6,1,1
BRDA:52,7,0,1
BRDA:52,7,1,0
BRF:16
BRH:8
end_of_record
TN:
SF:src\modules\todo\repository\todoRepository.ts
FN:3,(anonymous_8)
FN:3,(anonymous_9)
FN:7,(anonymous_10)
FN:7,(anonymous_11)
FN:11,(anonymous_12)
FN:11,(anonymous_13)
FN:15,(anonymous_14)
FN:15,(anonymous_15)
FN:19,(anonymous_16)
FN:19,(anonymous_17)
FNF:10
FNH:10
FNDA:1,(anonymous_8)
FNDA:1,(anonymous_9)
FNDA:1,(anonymous_10)
FNDA:1,(anonymous_11)
FNDA:4,(anonymous_12)
FNDA:4,(anonymous_13)
FNDA:1,(anonymous_14)
FNDA:1,(anonymous_15)
FNDA:3,(anonymous_16)
FNDA:3,(anonymous_17)
DA:1,1
DA:3,1
DA:4,1
DA:7,1
DA:8,1
DA:11,4
DA:12,4
DA:15,1
DA:16,1
DA:19,3
DA:20,3
DA:24,1
DA:25,1
DA:26,1
DA:27,1
DA:28,1
LF:16
LH:16
BRF:0
BRH:0
end_of_record
TN:
SF:src\modules\todo\test\todo.spec.ts
FN:6,(anonymous_7)
FN:7,registerAndLoginUser
FN:15,(anonymous_9)
FN:26,(anonymous_10)
FN:37,(anonymous_11)
FN:42,(anonymous_12)
FN:43,(anonymous_13)
FN:52,(anonymous_14)
FN:56,(anonymous_15)
FN:61,(anonymous_16)
FN:68,(anonymous_17)
FN:74,(anonymous_18)
FN:77,(anonymous_19)
FN:84,(anonymous_20)
FN:92,(anonymous_21)
FN:101,(anonymous_22)
FN:111,(anonymous_23)
FN:118,(anonymous_24)
FN:125,(anonymous_25)
FN:132,(anonymous_26)
FN:139,(anonymous_27)
FN:146,(anonymous_28)
FN:150,(anonymous_29)
FN:157,(anonymous_30)
FN:164,(anonymous_31)
FNF:25
FNH:25
FNDA:11,(anonymous_7)
FNDA:1,registerAndLoginUser
FNDA:1,(anonymous_9)
FNDA:1,(anonymous_10)
FNDA:1,(anonymous_11)
FNDA:1,(anonymous_12)
FNDA:1,(anonymous_13)
FNDA:1,(anonymous_14)
FNDA:1,(anonymous_15)
FNDA:1,(anonymous_16)
FNDA:1,(anonymous_17)
FNDA:1,(anonymous_18)
FNDA:1,(anonymous_19)
FNDA:1,(anonymous_20)
FNDA:1,(anonymous_21)
FNDA:1,(anonymous_22)
FNDA:1,(anonymous_23)
FNDA:1,(anonymous_24)
FNDA:1,(anonymous_25)
FNDA:1,(anonymous_26)
FNDA:1,(anonymous_27)
FNDA:1,(anonymous_28)
FNDA:1,(anonymous_29)
FNDA:1,(anonymous_30)
FNDA:1,(anonymous_31)
DA:1,1
DA:2,1
DA:3,1
DA:5,1
DA:6,11
DA:8,1
DA:16,1
DA:17,0
DA:20,1
DA:27,1
DA:28,0
DA:31,1
DA:32,1
DA:37,1
DA:39,1
DA:40,1
DA:42,1
DA:43,1
DA:44,1
DA:45,0
DA:47,1
DA:48,1
DA:52,1
DA:53,1
DA:57,1
DA:61,1
DA:62,1
DA:69,1
DA:70,1
DA:74,1
DA:75,1
DA:78,1
DA:79,1
DA:80,1
DA:84,1
DA:85,1
DA:93,1
DA:94,1
DA:95,1
DA:96,1
DA:97,1
DA:101,1
DA:102,1
DA:112,1
DA:113,1
DA:114,1
DA:118,1
DA:119,1
DA:126,1
DA:127,1
DA:128,1
DA:132,1
DA:133,1
DA:140,1
DA:141,1
DA:142,1
DA:146,1
DA:147,1
DA:151,1
DA:152,1
DA:153,1
DA:157,1
DA:158,1
DA:165,1
DA:166,1
DA:167,1
LF:66
LH:63
BRDA:16,0,0,0
BRDA:16,0,1,1
BRDA:27,1,0,0
BRDA:27,1,1,1
BRDA:44,2,0,0
BRDA:44,2,1,1
BRF:6
BRH:3
end_of_record
TN:
SF:src\modules\users\controller\userControllers.ts
FN:5,(anonymous_7)
FN:5,(anonymous_8)
FN:19,(anonymous_9)
FN:19,(anonymous_10)
FN:23,(anonymous_11)
FN:23,(anonymous_12)
FN:29,(anonymous_13)
FN:29,(anonymous_14)
FN:39,(anonymous_15)
FN:39,(anonymous_16)
FN:48,(anonymous_17)
FN:48,(anonymous_18)
FNF:12
FNH:10
FNDA:3,(anonymous_7)
FNDA:3,(anonymous_8)
FNDA:0,(anonymous_9)
FNDA:0,(anonymous_10)
FNDA:1,(anonymous_11)
FNDA:1,(anonymous_12)
FNDA:3,(anonymous_13)
FNDA:3,(anonymous_14)
FNDA:2,(anonymous_15)
FNDA:2,(anonymous_16)
FNDA:1,(anonymous_17)
FNDA:1,(anonymous_18)
DA:2,1
DA:3,1
DA:5,3
DA:6,3
DA:7,3
DA:8,3
DA:9,1
DA:10,1
DA:15,1
DA:16,1
DA:19,1
DA:20,0
DA:23,1
DA:24,1
DA:25,1
DA:26,1
DA:29,3
DA:30,3
DA:31,3
DA:32,3
DA:33,2
DA:34,2
DA:35,2
DA:36,2
DA:39,2
DA:40,2
DA:41,2
DA:42,2
DA:43,1
DA:44,1
DA:45,1
DA:48,1
DA:49,1
DA:50,1
DA:51,1
DA:52,1
DA:53,1
DA:54,0
DA:58,1
DA:59,1
DA:60,1
DA:61,1
DA:62,1
DA:63,1
LF:44
LH:42
BRDA:8,0,0,2
BRDA:8,0,1,1
BRDA:25,1,0,0
BRDA:25,1,1,1
BRDA:32,2,0,1
BRDA:32,2,1,2
BRDA:34,3,0,0
BRDA:34,3,1,2
BRDA:42,4,0,1
BRDA:42,4,1,1
BRDA:44,5,0,0
BRDA:44,5,1,1
BRDA:51,6,0,0
BRDA:51,6,1,1
BRDA:53,7,0,1
BRDA:53,7,1,0
BRF:16
BRH:11
end_of_record
TN:
SF:src\modules\users\repository\userRepository.ts
FN:4,(anonymous_8)
FN:4,(anonymous_9)
FN:8,(anonymous_10)
FN:8,(anonymous_11)
FN:12,(anonymous_12)
FN:12,(anonymous_13)
FN:16,(anonymous_14)
FN:16,(anonymous_15)
FN:20,(anonymous_16)
FN:20,(anonymous_17)
FN:24,(anonymous_18)
FN:24,(anonymous_19)
FN:28,(anonymous_20)
FN:28,(anonymous_21)
FNF:14
FNH:10
FNDA:1,(anonymous_8)
FNDA:1,(anonymous_9)
FNDA:0,(anonymous_10)
FNDA:0,(anonymous_11)
FNDA:0,(anonymous_12)
FNDA:0,(anonymous_13)
FNDA:9,(anonymous_14)
FNDA:9,(anonymous_15)
FNDA:1,(anonymous_16)
FNDA:1,(anonymous_17)
FNDA:1,(anonymous_18)
FNDA:1,(anonymous_19)
FNDA:1,(anonymous_20)
FNDA:1,(anonymous_21)
DA:1,1
DA:4,1
DA:5,1
DA:8,1
DA:9,0
DA:12,1
DA:13,0
DA:16,9
DA:17,9
DA:20,1
DA:21,1
DA:24,1
DA:25,1
DA:28,1
DA:29,1
DA:33,1
DA:34,1
DA:35,1
DA:36,1
DA:37,1
DA:38,1
DA:39,1
LF:22
LH:20
BRF:0
BRH:0
end_of_record
TN:
SF:src\modules\users\test\user.spec.ts
FN:6,(anonymous_7)
FN:8,(anonymous_8)
FN:11,(anonymous_9)
FN:19,(anonymous_10)
FN:28,(anonymous_11)
FN:36,(anonymous_12)
FN:46,(anonymous_13)
FN:53,(anonymous_14)
FN:65,(anonymous_15)
FN:69,(anonymous_16)
FN:78,(anonymous_17)
FN:86,(anonymous_18)
FN:94,(anonymous_19)
FN:101,(anonymous_20)
FN:109,(anonymous_21)
FN:116,(anonymous_22)
FNF:16
FNH:16
FNDA:7,(anonymous_7)
FNDA:1,(anonymous_8)
FNDA:1,(anonymous_9)
FNDA:1,(anonymous_10)
FNDA:1,(anonymous_11)
FNDA:1,(anonymous_12)
FNDA:1,(anonymous_13)
FNDA:1,(anonymous_14)
FNDA:1,(anonymous_15)
FNDA:1,(anonymous_16)
FNDA:1,(anonymous_17)
FNDA:1,(anonymous_18)
FNDA:1,(anonymous_19)
FNDA:1,(anonymous_20)
FNDA:1,(anonymous_21)
FNDA:1,(anonymous_22)
DA:1,1
DA:2,1
DA:3,1
DA:5,1
DA:6,7
DA:8,1
DA:9,1
DA:11,1
DA:12,1
DA:20,1
DA:21,1
DA:22,1
DA:23,1
DA:24,1
DA:28,1
DA:29,1
DA:37,1
DA:38,1
DA:39,1
DA:40,1
DA:41,1
DA:42,1
DA:46,1
DA:47,1
DA:54,1
DA:55,1
DA:56,1
DA:57,1
DA:58,1
DA:59,1
DA:60,1
DA:61,1
DA:65,1
DA:66,1
DA:70,1
DA:71,1
DA:72,1
DA:73,1
DA:74,1
DA:78,1
DA:79,1
DA:87,1
DA:88,1
DA:89,1
DA:90,1
DA:94,1
DA:95,1
DA:102,1
DA:103,1
DA:104,1
DA:105,1
DA:109,1
DA:110,1
DA:117,1
DA:118,1
DA:119,1
DA:120,1
LF:57
LH:57
BRF:0
BRH:0
end_of_record
TN:
SF:src\routes\index.ts
FNF:0
FNH:0
DA:1,1
DA:2,1
DA:3,1
DA:5,1
DA:7,1
DA:8,1
DA:10,1
LF:7
LH:7
BRF:0
BRH:0
end_of_record
TN:
SF:src\routes\todoRoutes.ts
FNF:0
FNH:0
DA:161,1
DA:162,1
DA:163,1
DA:164,1
DA:166,1
DA:167,1
DA:168,1
DA:169,1
DA:170,1
DA:171,1
DA:173,1
LF:11
LH:11
BRF:0
BRH:0
end_of_record
TN:
SF:src\routes\usersRoutes.ts
FNF:0
FNH:0
DA:140,1
DA:141,1
DA:142,1
DA:143,1
DA:145,1
DA:147,1
DA:148,1
DA:149,1
DA:150,1
DA:151,1
DA:152,1
DA:154,1
LF:12
LH:12
BRF:0
BRH:0
end_of_record
TN:
SF:src\utils\index.ts
FN:13,(anonymous_1)
FN:14,(anonymous_2)
FN:6,(anonymous_3)
FNF:3
FNH:3
FNDA:1,(anonymous_1)
FNDA:2,(anonymous_2)
FNDA:2,(anonymous_3)
DA:1,1
DA:2,1
DA:4,1
DA:6,1
DA:7,2
DA:8,2
DA:12,1
DA:13,2
DA:14,3
LF:9
LH:9
BRDA:4,0,0,1
BRDA:4,0,1,1
BRF:2
BRH:2
end_of_record
TN:
SF:src\utils\passwordUtils.ts
FN:3,(anonymous_8)
FN:3,(anonymous_9)
FN:7,(anonymous_10)
FN:7,(anonymous_11)
FNF:4
FNH:4
FNDA:1,(anonymous_8)
FNDA:1,(anonymous_9)
FNDA:2,(anonymous_10)
FNDA:2,(anonymous_11)
DA:1,1
DA:3,1
DA:4,1
DA:7,2
DA:8,2
DA:12,1
DA:13,1
LF:7
LH:7
BRF:0
BRH:0
end_of_record
